# Logfile created on 2026-04-06 05:14:35 +0000 by logger.rb/v1.7.0
A, [2026-04-06T05:14:36.459003 #1991]   ANY -- : healthd daemon 1.0.8 initialized
W, [2026-04-06T05:14:36.553740 #1991]  WARN -- : log file "/var/log/nginx/healthd/application.log.2026-04-06-05" does not exist
W, [2026-04-06T05:14:41.554368 #1991]  WARN -- : log file "/var/log/nginx/healthd/application.log.2026-04-06-05" does not exist
W, [2026-04-06T05:14:46.544526 #1991]  WARN -- : sending message(s) failed (attempt 1): (Aws::Errors::ServiceError) User: arn:aws:sts::963540391315:assumed-role/aws-elasticbeanstalk-ec2-role/i-0589624592e218864 is not authorized to perform: elasticbeanstalk:PutInstanceStatistics on resource: arn:aws:elasticbeanstalk:ap-south-1:963540391315:application/connecto. Backing off by 1 seconds in addition to delay interval
W, [2026-04-06T05:14:46.554617 #1991]  WARN -- : log file "/var/log/nginx/healthd/application.log.2026-04-06-05" does not exist
W, [2026-04-06T05:14:57.473827 #1991]  WARN -- : sending message(s) failed (attempt 2): (Aws::Errors::ServiceError) User: arn:aws:sts::963540391315:assumed-role/aws-elasticbeanstalk-ec2-role/i-0589624592e218864 is not authorized to perform: elasticbeanstalk:PutInstanceStatistics on resource: arn:aws:elasticbeanstalk:ap-south-1:963540391315:application/connecto. Backing off by 3 seconds in addition to delay interval
W, [2026-04-06T05:15:10.473694 #1991]  WARN -- : sending message(s) failed (attempt 3): (Aws::Errors::ServiceError) User: arn:aws:sts::963540391315:assumed-role/aws-elasticbeanstalk-ec2-role/i-0589624592e218864 is not authorized to perform: elasticbeanstalk:PutInstanceStatistics on resource: arn:aws:elasticbeanstalk:ap-south-1:963540391315:application/connecto. Backing off by 2 seconds in addition to delay interval
W, [2026-04-06T05:15:22.472579 #1991]  WARN -- : sending message(s) failed (attempt 4): (Aws::Errors::ServiceError) User: arn:aws:sts::963540391315:assumed-role/aws-elasticbeanstalk-ec2-role/i-0589624592e218864 is not authorized to perform: elasticbeanstalk:PutInstanceStatistics on resource: arn:aws:elasticbeanstalk:ap-south-1:963540391315:application/connecto. Backing off by 10 seconds in addition to delay interval
W, [2026-04-06T05:15:42.464864 #1991]  WARN -- : sending message(s) failed (attempt 5): (Aws::Errors::ServiceError) User: arn:aws:sts::963540391315:assumed-role/aws-elasticbeanstalk-ec2-role/i-0589624592e218864 is not authorized to perform: elasticbeanstalk:PutInstanceStatistics on resource: arn:aws:elasticbeanstalk:ap-south-1:963540391315:application/connecto. Backing off by 1 seconds in addition to delay interval
W, [2026-04-06T05:15:53.472850 #1991]  WARN -- : sending message(s) failed (attempt 6): (Aws::Errors::ServiceError) User: arn:aws:sts::963540391315:assumed-role/aws-elasticbeanstalk-ec2-role/i-0589624592e218864 is not authorized to perform: elasticbeanstalk:PutInstanceStatistics on resource: arn:aws:elasticbeanstalk:ap-south-1:963540391315:application/connecto. Backing off by 37 seconds in addition to delay interval
W, [2026-04-06T05:16:40.475212 #1991]  WARN -- : sending message(s) failed (attempt 7): (Aws::Errors::ServiceError) User: arn:aws:sts::963540391315:assumed-role/aws-elasticbeanstalk-ec2-role/i-0589624592e218864 is not authorized to perform: elasticbeanstalk:PutInstanceStatistics on resource: arn:aws:elasticbeanstalk:ap-south-1:963540391315:application/connecto. Backing off by 51 seconds in addition to delay interval
W, [2026-04-06T05:17:41.495810 #1991]  WARN -- : sending message(s) failed (attempt 8): (Aws::Errors::ServiceError) User: arn:aws:sts::963540391315:assumed-role/aws-elasticbeanstalk-ec2-role/i-0589624592e218864 is not authorized to perform: elasticbeanstalk:PutInstanceStatistics on resource: arn:aws:elasticbeanstalk:ap-south-1:963540391315:application/connecto. Backing off by 200 seconds in addition to delay interval
W, [2026-04-06T05:21:11.477013 #1991]  WARN -- : sending message(s) failed (attempt 9): (Aws::Errors::ServiceError) User: arn:aws:sts::963540391315:assumed-role/aws-elasticbeanstalk-ec2-role/i-0589624592e218864 is not authorized to perform: elasticbeanstalk:PutInstanceStatistics on resource: arn:aws:elasticbeanstalk:ap-south-1:963540391315:application/connecto. Backing off by 176 seconds in addition to delay interval
W, [2026-04-06T05:24:17.470921 #1991]  WARN -- : sending message(s) failed (attempt 10): (Aws::Errors::ServiceError) User: arn:aws:sts::963540391315:assumed-role/aws-elasticbeanstalk-ec2-role/i-0589624592e218864 is not authorized to perform: elasticbeanstalk:PutInstanceStatistics on resource: arn:aws:elasticbeanstalk:ap-south-1:963540391315:application/connecto. Backing off by 200 seconds in addition to delay interval
W, [2026-04-06T05:27:47.480848 #1991]  WARN -- : sending message(s) failed (attempt 11): (Aws::Errors::ServiceError) User: arn:aws:sts::963540391315:assumed-role/aws-elasticbeanstalk-ec2-role/i-0589624592e218864 is not authorized to perform: elasticbeanstalk:PutInstanceStatistics on resource: arn:aws:elasticbeanstalk:ap-south-1:963540391315:application/connecto. Backing off by 200 seconds in addition to delay interval
W, [2026-04-06T05:31:17.477697 #1991]  WARN -- : sending message(s) failed (attempt 12): (Aws::Errors::ServiceError) User: arn:aws:sts::963540391315:assumed-role/aws-elasticbeanstalk-ec2-role/i-0589624592e218864 is not authorized to perform: elasticbeanstalk:PutInstanceStatistics on resource: arn:aws:elasticbeanstalk:ap-south-1:963540391315:application/connecto. Backing off by 200 seconds in addition to delay interval
W, [2026-04-06T05:34:47.481530 #1991]  WARN -- : sending message(s) failed (attempt 13): (Aws::Errors::ServiceError) User: arn:aws:sts::963540391315:assumed-role/aws-elasticbeanstalk-ec2-role/i-0589624592e218864 is not authorized to perform: elasticbeanstalk:PutInstanceStatistics on resource: arn:aws:elasticbeanstalk:ap-south-1:963540391315:application/connecto. Backing off by 200 seconds in addition to delay interval
W, [2026-04-06T05:38:17.479814 #1991]  WARN -- : sending message(s) failed (attempt 14): (Aws::Errors::ServiceError) User: arn:aws:sts::963540391315:assumed-role/aws-elasticbeanstalk-ec2-role/i-0589624592e218864 is not authorized to perform: elasticbeanstalk:PutInstanceStatistics on resource: arn:aws:elasticbeanstalk:ap-south-1:963540391315:application/connecto. Backing off by 200 seconds in addition to delay interval
W, [2026-04-06T05:41:47.479345 #1991]  WARN -- : sending message(s) failed (attempt 15): (Aws::Errors::ServiceError) User: arn:aws:sts::963540391315:assumed-role/aws-elasticbeanstalk-ec2-role/i-0589624592e218864 is not authorized to perform: elasticbeanstalk:PutInstanceStatistics on resource: arn:aws:elasticbeanstalk:ap-south-1:963540391315:application/connecto. Backing off by 200 seconds in addition to delay interval
W, [2026-04-06T05:45:17.478644 #1991]  WARN -- : sending message(s) failed (attempt 16): (Aws::Errors::ServiceError) User: arn:aws:sts::963540391315:assumed-role/aws-elasticbeanstalk-ec2-role/i-0589624592e218864 is not authorized to perform: elasticbeanstalk:PutInstanceStatistics on resource: arn:aws:elasticbeanstalk:ap-south-1:963540391315:application/connecto. Backing off by 200 seconds in addition to delay interval
W, [2026-04-06T05:45:17.478796 #1991]  WARN -- : discarding 7 expired or invalid message(s)
W, [2026-04-06T05:48:47.480253 #1991]  WARN -- : sending message(s) failed (attempt 17): (Aws::Errors::ServiceError) User: arn:aws:sts::963540391315:assumed-role/aws-elasticbeanstalk-ec2-role/i-0589624592e218864 is not authorized to perform: elasticbeanstalk:PutInstanceStatistics on resource: arn:aws:elasticbeanstalk:ap-south-1:963540391315:application/connecto. Backing off by 200 seconds in addition to delay interval
W, [2026-04-06T05:48:47.480412 #1991]  WARN -- : discarding 25 expired or invalid message(s)
W, [2026-04-06T05:52:17.480540 #1991]  WARN -- : sending message(s) failed (attempt 18): (Aws::Errors::ServiceError) User: arn:aws:sts::963540391315:assumed-role/aws-elasticbeanstalk-ec2-role/i-0589624592e218864 is not authorized to perform: elasticbeanstalk:PutInstanceStatistics on resource: arn:aws:elasticbeanstalk:ap-south-1:963540391315:application/connecto. Backing off by 200 seconds in addition to delay interval
W, [2026-04-06T05:52:17.480702 #1991]  WARN -- : discarding 22 expired or invalid message(s)
W, [2026-04-06T05:55:47.471809 #1991]  WARN -- : sending message(s) failed (attempt 19): (Aws::Errors::ServiceError) User: arn:aws:sts::963540391315:assumed-role/aws-elasticbeanstalk-ec2-role/i-0589624592e218864 is not authorized to perform: elasticbeanstalk:PutInstanceStatistics on resource: arn:aws:elasticbeanstalk:ap-south-1:963540391315:application/connecto. Backing off by 200 seconds in addition to delay interval
W, [2026-04-06T05:55:47.472033 #1991]  WARN -- : discarding 22 expired or invalid message(s)
W, [2026-04-06T05:59:17.478986 #1991]  WARN -- : sending message(s) failed (attempt 20): (Aws::Errors::ServiceError) User: arn:aws:sts::963540391315:assumed-role/aws-elasticbeanstalk-ec2-role/i-0589624592e218864 is not authorized to perform: elasticbeanstalk:PutInstanceStatistics on resource: arn:aws:elasticbeanstalk:ap-south-1:963540391315:application/connecto. Backing off by 200 seconds in addition to delay interval
W, [2026-04-06T05:59:17.479132 #1991]  WARN -- : discarding 22 expired or invalid message(s)
W, [2026-04-06T06:00:00.911309 #1991]  WARN -- : log file "/var/log/nginx/healthd/application.log.2026-04-06-06" does not exist
W, [2026-04-06T06:02:47.478373 #1991]  WARN -- : sending message(s) failed (attempt 21): (Aws::Errors::ServiceError) User: arn:aws:sts::963540391315:assumed-role/aws-elasticbeanstalk-ec2-role/i-0589624592e218864 is not authorized to perform: elasticbeanstalk:PutInstanceStatistics on resource: arn:aws:elasticbeanstalk:ap-south-1:963540391315:application/connecto. Backing off by 200 seconds in addition to delay interval
W, [2026-04-06T06:02:47.478554 #1991]  WARN -- : discarding 22 expired or invalid message(s)
W, [2026-04-06T06:06:17.478862 #1991]  WARN -- : sending message(s) failed (attempt 22): (Aws::Errors::ServiceError) User: arn:aws:sts::963540391315:assumed-role/aws-elasticbeanstalk-ec2-role/i-0589624592e218864 is not authorized to perform: elasticbeanstalk:PutInstanceStatistics on resource: arn:aws:elasticbeanstalk:ap-south-1:963540391315:application/connecto. Backing off by 200 seconds in addition to delay interval
W, [2026-04-06T06:06:17.479002 #1991]  WARN -- : discarding 22 expired or invalid message(s)
F, [2026-04-06T06:08:29.892365 #1991] FATAL -- : /opt/elasticbeanstalk/lib/ruby/lib/ruby/gems/3.4.0/gems/puma-7.2.0/lib/puma/launcher.rb:452:in 'block in Puma::Launcher#setup_signals': SIGTERM (SignalException)
	from /opt/elasticbeanstalk/lib/ruby/lib/ruby/gems/3.4.0/gems/puma-7.2.0/lib/puma/single.rb:66:in 'Thread#join'
	from /opt/elasticbeanstalk/lib/ruby/lib/ruby/gems/3.4.0/gems/puma-7.2.0/lib/puma/single.rb:66:in 'Puma::Single#run'
	from /opt/elasticbeanstalk/lib/ruby/lib/ruby/gems/3.4.0/gems/puma-7.2.0/lib/puma/launcher.rb:208:in 'Puma::Launcher#run'
	from /opt/elasticbeanstalk/lib/ruby/lib/ruby/gems/3.4.0/gems/puma-7.2.0/lib/puma/cli.rb:73:in 'Puma::CLI#run'
	from /opt/elasticbeanstalk/lib/ruby/lib/ruby/gems/3.4.0/gems/healthd-1.0.8/bin/healthd:112:in 'block in <top (required)>'
	from /opt/elasticbeanstalk/lib/ruby/lib/ruby/gems/3.4.0/gems/healthd-1.0.8/bin/healthd:19:in 'Dir.chdir'
	from /opt/elasticbeanstalk/lib/ruby/lib/ruby/gems/3.4.0/gems/healthd-1.0.8/bin/healthd:19:in '<top (required)>'
	from /opt/elasticbeanstalk/lib/ruby/bin/healthd:25:in 'Kernel#load'
	from /opt/elasticbeanstalk/lib/ruby/bin/healthd:25:in '<main>'
A, [2026-04-06T06:08:32.364562 #4107]   ANY -- : healthd daemon 1.0.8 initialized
W, [2026-04-06T06:08:42.435238 #4107]  WARN -- : sending message(s) failed (attempt 1): (Aws::Errors::ServiceError) User: arn:aws:sts::963540391315:assumed-role/aws-elasticbeanstalk-ec2-role/i-0589624592e218864 is not authorized to perform: elasticbeanstalk:PutInstanceStatistics on resource: arn:aws:elasticbeanstalk:ap-south-1:963540391315:application/connecto. Backing off by 2 seconds in addition to delay interval
W, [2026-04-06T06:08:54.386557 #4107]  WARN -- : sending message(s) failed (attempt 2): (Aws::Errors::ServiceError) User: arn:aws:sts::963540391315:assumed-role/aws-elasticbeanstalk-ec2-role/i-0589624592e218864 is not authorized to perform: elasticbeanstalk:PutInstanceStatistics on resource: arn:aws:elasticbeanstalk:ap-south-1:963540391315:application/connecto. Backing off by 2 seconds in addition to delay interval
W, [2026-04-06T06:09:06.379567 #4107]  WARN -- : sending message(s) failed (attempt 3): (Aws::Errors::ServiceError) User: arn:aws:sts::963540391315:assumed-role/aws-elasticbeanstalk-ec2-role/i-0589624592e218864 is not authorized to perform: elasticbeanstalk:PutInstanceStatistics on resource: arn:aws:elasticbeanstalk:ap-south-1:963540391315:application/connecto. Backing off by 2 seconds in addition to delay interval
W, [2026-04-06T06:09:18.379126 #4107]  WARN -- : sending message(s) failed (attempt 4): (Aws::Errors::ServiceError) User: arn:aws:sts::963540391315:assumed-role/aws-elasticbeanstalk-ec2-role/i-0589624592e218864 is not authorized to perform: elasticbeanstalk:PutInstanceStatistics on resource: arn:aws:elasticbeanstalk:ap-south-1:963540391315:application/connecto. Backing off by 9 seconds in addition to delay interval
W, [2026-04-06T06:09:37.378024 #4107]  WARN -- : sending message(s) failed (attempt 5): (Aws::Errors::ServiceError) User: arn:aws:sts::963540391315:assumed-role/aws-elasticbeanstalk-ec2-role/i-0589624592e218864 is not authorized to perform: elasticbeanstalk:PutInstanceStatistics on resource: arn:aws:elasticbeanstalk:ap-south-1:963540391315:application/connecto. Backing off by 7 seconds in addition to delay interval
W, [2026-04-06T06:09:54.379092 #4107]  WARN -- : sending message(s) failed (attempt 6): (Aws::Errors::ServiceError) User: arn:aws:sts::963540391315:assumed-role/aws-elasticbeanstalk-ec2-role/i-0589624592e218864 is not authorized to perform: elasticbeanstalk:PutInstanceStatistics on resource: arn:aws:elasticbeanstalk:ap-south-1:963540391315:application/connecto. Backing off by 61 seconds in addition to delay interval
W, [2026-04-06T06:11:05.387226 #4107]  WARN -- : sending message(s) failed (attempt 7): (Aws::Errors::ServiceError) User: arn:aws:sts::963540391315:assumed-role/aws-elasticbeanstalk-ec2-role/i-0589624592e218864 is not authorized to perform: elasticbeanstalk:PutInstanceStatistics on resource: arn:aws:elasticbeanstalk:ap-south-1:963540391315:application/connecto. Backing off by 73 seconds in addition to delay interval
W, [2026-04-06T06:12:28.377927 #4107]  WARN -- : sending message(s) failed (attempt 8): (Aws::Errors::ServiceError) User: arn:aws:sts::963540391315:assumed-role/aws-elasticbeanstalk-ec2-role/i-0589624592e218864 is not authorized to perform: elasticbeanstalk:PutInstanceStatistics on resource: arn:aws:elasticbeanstalk:ap-south-1:963540391315:application/connecto. Backing off by 193 seconds in addition to delay interval
W, [2026-04-06T06:15:51.386386 #4107]  WARN -- : sending message(s) failed (attempt 9): (Aws::Errors::ServiceError) User: arn:aws:sts::963540391315:assumed-role/aws-elasticbeanstalk-ec2-role/i-0589624592e218864 is not authorized to perform: elasticbeanstalk:PutInstanceStatistics on resource: arn:aws:elasticbeanstalk:ap-south-1:963540391315:application/connecto. Backing off by 200 seconds in addition to delay interval
W, [2026-04-06T06:19:21.377187 #4107]  WARN -- : sending message(s) failed (attempt 10): (Aws::Errors::ServiceError) User: arn:aws:sts::963540391315:assumed-role/aws-elasticbeanstalk-ec2-role/i-0589624592e218864 is not authorized to perform: elasticbeanstalk:PutInstanceStatistics on resource: arn:aws:elasticbeanstalk:ap-south-1:963540391315:application/connecto. Backing off by 200 seconds in addition to delay interval
F, [2026-04-06T06:19:36.386024 #4107] FATAL -- : /opt/elasticbeanstalk/lib/ruby/lib/ruby/gems/3.4.0/gems/puma-7.2.0/lib/puma/launcher.rb:452:in 'block in Puma::Launcher#setup_signals': SIGTERM (SignalException)
	from /opt/elasticbeanstalk/lib/ruby/lib/ruby/gems/3.4.0/gems/puma-7.2.0/lib/puma/single.rb:66:in 'Thread#join'
	from /opt/elasticbeanstalk/lib/ruby/lib/ruby/gems/3.4.0/gems/puma-7.2.0/lib/puma/single.rb:66:in 'Puma::Single#run'
	from /opt/elasticbeanstalk/lib/ruby/lib/ruby/gems/3.4.0/gems/puma-7.2.0/lib/puma/launcher.rb:208:in 'Puma::Launcher#run'
	from /opt/elasticbeanstalk/lib/ruby/lib/ruby/gems/3.4.0/gems/puma-7.2.0/lib/puma/cli.rb:73:in 'Puma::CLI#run'
	from /opt/elasticbeanstalk/lib/ruby/lib/ruby/gems/3.4.0/gems/healthd-1.0.8/bin/healthd:112:in 'block in <top (required)>'
	from /opt/elasticbeanstalk/lib/ruby/lib/ruby/gems/3.4.0/gems/healthd-1.0.8/bin/healthd:19:in 'Dir.chdir'
	from /opt/elasticbeanstalk/lib/ruby/lib/ruby/gems/3.4.0/gems/healthd-1.0.8/bin/healthd:19:in '<top (required)>'
	from /opt/elasticbeanstalk/lib/ruby/bin/healthd:25:in 'Kernel#load'
	from /opt/elasticbeanstalk/lib/ruby/bin/healthd:25:in '<main>'
A, [2026-04-06T06:19:38.607860 #5040]   ANY -- : healthd daemon 1.0.8 initialized
W, [2026-04-06T06:19:48.673280 #5040]  WARN -- : sending message(s) failed (attempt 1): (Aws::Errors::ServiceError) User: arn:aws:sts::963540391315:assumed-role/aws-elasticbeanstalk-ec2-role/i-0589624592e218864 is not authorized to perform: elasticbeanstalk:PutInstanceStatistics on resource: arn:aws:elasticbeanstalk:ap-south-1:963540391315:application/connecto. Backing off by 2 seconds in addition to delay interval
W, [2026-04-06T06:20:00.621676 #5040]  WARN -- : sending message(s) failed (attempt 2): (Aws::Errors::ServiceError) User: arn:aws:sts::963540391315:assumed-role/aws-elasticbeanstalk-ec2-role/i-0589624592e218864 is not authorized to perform: elasticbeanstalk:PutInstanceStatistics on resource: arn:aws:elasticbeanstalk:ap-south-1:963540391315:application/connecto. Backing off by 4 seconds in addition to delay interval
W, [2026-04-06T06:20:14.614198 #5040]  WARN -- : sending message(s) failed (attempt 3): (Aws::Errors::ServiceError) User: arn:aws:sts::963540391315:assumed-role/aws-elasticbeanstalk-ec2-role/i-0589624592e218864 is not authorized to perform: elasticbeanstalk:PutInstanceStatistics on resource: arn:aws:elasticbeanstalk:ap-south-1:963540391315:application/connecto. Backing off by 6 seconds in addition to delay interval
W, [2026-04-06T06:20:30.622234 #5040]  WARN -- : sending message(s) failed (attempt 4): (Aws::Errors::ServiceError) User: arn:aws:sts::963540391315:assumed-role/aws-elasticbeanstalk-ec2-role/i-0589624592e218864 is not authorized to perform: elasticbeanstalk:PutInstanceStatistics on resource: arn:aws:elasticbeanstalk:ap-south-1:963540391315:application/connecto. Backing off by 12 seconds in addition to delay interval
W, [2026-04-06T06:20:52.615481 #5040]  WARN -- : sending message(s) failed (attempt 5): (Aws::Errors::ServiceError) User: arn:aws:sts::963540391315:assumed-role/aws-elasticbeanstalk-ec2-role/i-0589624592e218864 is not authorized to perform: elasticbeanstalk:PutInstanceStatistics on resource: arn:aws:elasticbeanstalk:ap-south-1:963540391315:application/connecto. Backing off by 15 seconds in addition to delay interval
W, [2026-04-06T06:21:17.614642 #5040]  WARN -- : sending message(s) failed (attempt 6): (Aws::Errors::ServiceError) User: arn:aws:sts::963540391315:assumed-role/aws-elasticbeanstalk-ec2-role/i-0589624592e218864 is not authorized to perform: elasticbeanstalk:PutInstanceStatistics on resource: arn:aws:elasticbeanstalk:ap-south-1:963540391315:application/connecto. Backing off by 37 seconds in addition to delay interval
W, [2026-04-06T06:22:04.627973 #5040]  WARN -- : sending message(s) failed (attempt 7): (Aws::Errors::ServiceError) User: arn:aws:sts::963540391315:assumed-role/aws-elasticbeanstalk-ec2-role/i-0589624592e218864 is not authorized to perform: elasticbeanstalk:PutInstanceStatistics on resource: arn:aws:elasticbeanstalk:ap-south-1:963540391315:application/connecto. Backing off by 1 seconds in addition to delay interval
W, [2026-04-06T06:22:15.615764 #5040]  WARN -- : sending message(s) failed (attempt 8): (Aws::Errors::ServiceError) User: arn:aws:sts::963540391315:assumed-role/aws-elasticbeanstalk-ec2-role/i-0589624592e218864 is not authorized to perform: elasticbeanstalk:PutInstanceStatistics on resource: arn:aws:elasticbeanstalk:ap-south-1:963540391315:application/connecto. Backing off by 160 seconds in addition to delay interval
W, [2026-04-06T06:25:05.624176 #5040]  WARN -- : sending message(s) failed (attempt 9): (Aws::Errors::ServiceError) User: arn:aws:sts::963540391315:assumed-role/aws-elasticbeanstalk-ec2-role/i-0589624592e218864 is not authorized to perform: elasticbeanstalk:PutInstanceStatistics on resource: arn:aws:elasticbeanstalk:ap-south-1:963540391315:application/connecto. Backing off by 167 seconds in addition to delay interval
W, [2026-04-06T06:28:02.627348 #5040]  WARN -- : sending message(s) failed (attempt 10): (Aws::Errors::ServiceError) User: arn:aws:sts::963540391315:assumed-role/aws-elasticbeanstalk-ec2-role/i-0589624592e218864 is not authorized to perform: elasticbeanstalk:PutInstanceStatistics on resource: arn:aws:elasticbeanstalk:ap-south-1:963540391315:application/connecto. Backing off by 200 seconds in addition to delay interval
W, [2026-04-06T06:31:32.627728 #5040]  WARN -- : sending message(s) failed (attempt 11): (Aws::Errors::ServiceError) User: arn:aws:sts::963540391315:assumed-role/aws-elasticbeanstalk-ec2-role/i-0589624592e218864 is not authorized to perform: elasticbeanstalk:PutInstanceStatistics on resource: arn:aws:elasticbeanstalk:ap-south-1:963540391315:application/connecto. Backing off by 200 seconds in addition to delay interval
