2026-04-06 05:13:13,932 P1655 [INFO] ************************************************************
2026-04-06 05:13:13,932 P1655 [INFO] ConfigSet _OnInstanceBoot
2026-04-06 05:13:13,935 P1655 [INFO] ++++++++++++++++++++++++++++++++++++++++++++++++++++++++++++
2026-04-06 05:13:13,935 P1655 [INFO] Config AWSEBBaseConfig
2026-04-06 05:13:14,172 P1655 [INFO] ============================================================
2026-04-06 05:13:14,172 P1655 [INFO] Command clearbackupfiles
2026-04-06 05:13:14,183 P1655 [INFO] Completed successfully.
2026-04-06 05:13:14,186 P1655 [INFO] ++++++++++++++++++++++++++++++++++++++++++++++++++++++++++++
2026-04-06 05:13:14,186 P1655 [INFO] Config AWSEBCfnHupEndpointOverride
2026-04-06 05:13:14,187 P1655 [INFO] ============================================================
2026-04-06 05:13:14,187 P1655 [INFO] Command clearbackupfiles
2026-04-06 05:13:14,190 P1655 [INFO] Completed successfully.
2026-04-06 05:14:34,108 P1857 [INFO] ************************************************************
2026-04-06 05:14:34,108 P1857 [INFO] ConfigSet Infra-EmbeddedPreBuild
2026-04-06 05:14:34,110 P1857 [INFO] ++++++++++++++++++++++++++++++++++++++++++++++++++++++++++++
2026-04-06 05:14:34,110 P1857 [INFO] Config prebuild_0_connecto
2026-04-06 05:14:34,113 P1857 [INFO] ++++++++++++++++++++++++++++++++++++++++++++++++++++++++++++
2026-04-06 05:14:34,113 P1857 [INFO] Config prebuild_1_connecto
2026-04-06 05:14:36,808 P2012 [INFO] ************************************************************
2026-04-06 05:14:36,808 P2012 [INFO] ConfigSet Infra-EmbeddedPostBuild
2026-04-06 06:08:29,319 P3959 [INFO] ************************************************************
2026-04-06 06:08:29,319 P3959 [INFO] ConfigSet Infra-EmbeddedPreBuild
2026-04-06 06:08:33,043 P4135 [INFO] ************************************************************
2026-04-06 06:08:33,043 P4135 [INFO] ConfigSet Infra-EmbeddedPostBuild
2026-04-06 06:19:35,751 P4848 [INFO] ************************************************************
2026-04-06 06:19:35,751 P4848 [INFO] ConfigSet Infra-EmbeddedPreBuild
2026-04-06 06:19:39,342 P5068 [INFO] ************************************************************
2026-04-06 06:19:39,342 P5068 [INFO] ConfigSet Infra-EmbeddedPostBuild
2026-04-06 06:25:00,413 P5603 [INFO] ************************************************************
2026-04-06 06:25:00,413 P5603 [INFO] ConfigSet Infra-EmbeddedPreBuild
