2026-04-06 05:13:17,523 [DEBUG] CloudFormation client initialized with endpoint https://cloudformation.ap-south-1.amazonaws.com
2026-04-06 05:13:17,523 [DEBUG] SQS client initialized with endpoint https://sqs.ap-south-1.amazonaws.com
2026-04-06 05:13:17,523 [DEBUG] CloudFormation client initialized with endpoint https://cloudformation.ap-south-1.amazonaws.com
2026-04-06 05:13:17,524 [DEBUG] Enabled single threading mode.
2026-04-06 05:13:17,524 [DEBUG] Creating /var/lib/cfn-hup/data
2026-04-06 05:13:17,534 [INFO] No umask value specified in config file. Using the default one: 0o22
2026-04-06 05:13:17,598 [INFO] Pid: 1786
2026-04-06 05:13:19,324 [INFO] Refreshing listener credentials
2026-04-06 05:13:19,414 [INFO] Scheduling next credential refresh in 1799.0 seconds
2026-04-06 05:14:32,681 [INFO] Received command ElasticBeanstalkCommand-AWSEBAutoScalingGroup (invocation id: 5896ec38-53e9-4318-ba1c-5f6a844aa1f8)
2026-04-06 05:14:32,682 [INFO] Running action for aws-eb-command-handler
2026-04-06 05:14:40,394 [INFO] Action for aws-eb-command-handler succeeded, returning SUCCESS
2026-04-06 05:18:20,758 [INFO] command processing is alive.
2026-04-06 05:23:21,195 [INFO] command processing is alive.
2026-04-06 05:28:21,698 [INFO] command processing is alive.
2026-04-06 05:33:22,212 [INFO] command processing is alive.
2026-04-06 05:38:22,655 [INFO] command processing is alive.
2026-04-06 05:43:18,414 [INFO] Refreshing listener credentials
2026-04-06 05:43:18,494 [INFO] Scheduling next credential refresh in 1799.0 seconds
2026-04-06 05:43:23,053 [INFO] command processing is alive.
2026-04-06 05:48:23,457 [INFO] command processing is alive.
2026-04-06 05:53:23,869 [INFO] command processing is alive.
2026-04-06 05:58:24,281 [INFO] command processing is alive.
2026-04-06 06:03:24,683 [INFO] command processing is alive.
2026-04-06 06:08:25,080 [INFO] command processing is alive.
2026-04-06 06:08:27,825 [INFO] Received command ElasticBeanstalkCommand-AWSEBAutoScalingGroup (invocation id: 30d420b4-05b4-4bd1-a972-bcdebc98ad45)
2026-04-06 06:08:27,825 [INFO] Running action for aws-eb-command-handler
2026-04-06 06:08:38,285 [INFO] Action for aws-eb-command-handler succeeded, returning SUCCESS
2026-04-06 06:13:17,494 [INFO] Refreshing listener credentials
2026-04-06 06:13:17,587 [INFO] Scheduling next credential refresh in 1799.0 seconds
2026-04-06 06:13:38,788 [INFO] command processing is alive.
2026-04-06 06:18:39,181 [INFO] command processing is alive.
2026-04-06 06:19:34,177 [INFO] Received command ElasticBeanstalkCommand-AWSEBAutoScalingGroup (invocation id: cfb44fd2-c845-4303-b7c7-beada4127927)
2026-04-06 06:19:34,177 [INFO] Running action for aws-eb-command-handler
2026-04-06 06:19:44,613 [INFO] Action for aws-eb-command-handler succeeded, returning SUCCESS
2026-04-06 06:21:40,404 [INFO] Received command ElasticBeanstalkCommand-AWSEBAutoScalingGroup (invocation id: e81db39f-654d-4968-ba35-1d9de65d1b4b)
2026-04-06 06:21:40,404 [INFO] Running action for aws-eb-command-handler
2026-04-06 06:21:41,165 [INFO] Action for aws-eb-command-handler succeeded, returning SUCCESS
2026-04-06 06:23:41,371 [INFO] command processing is alive.
2026-04-06 06:24:58,728 [INFO] Received command ElasticBeanstalkCommand-AWSEBAutoScalingGroup (invocation id: d2b59376-bf59-4442-895c-0b7b36252c6d)
2026-04-06 06:24:58,728 [INFO] Running action for aws-eb-command-handler
2026-04-06 06:25:18,210 [INFO] Action for aws-eb-command-handler succeeded, returning SUCCESS
2026-04-06 06:26:20,743 [INFO] Received command ElasticBeanstalkCommand-AWSEBAutoScalingGroup (invocation id: 56b8e55e-66b6-40c4-a743-ba300231a54c)
2026-04-06 06:26:20,743 [INFO] Running action for aws-eb-command-handler
2026-04-06 06:26:21,492 [INFO] Action for aws-eb-command-handler succeeded, returning SUCCESS
2026-04-06 06:28:41,766 [INFO] command processing is alive.
2026-04-06 06:28:52,956 [INFO] Received command ElasticBeanstalkCommand-AWSEBAutoScalingGroup (invocation id: 64beef16-2812-42a3-bf51-aadad1692364)
2026-04-06 06:28:52,956 [INFO] Running action for aws-eb-command-handler
2026-04-06 06:28:53,663 [INFO] Action for aws-eb-command-handler succeeded, returning SUCCESS
2026-04-06 06:29:14,411 [INFO] Received command ElasticBeanstalkCommand-AWSEBAutoScalingGroup (invocation id: 3153f300-e0ae-46b3-8401-5697b87cb755)
2026-04-06 06:29:14,411 [INFO] Running action for aws-eb-command-handler
2026-04-06 06:29:15,157 [INFO] Action for aws-eb-command-handler succeeded, returning SUCCESS
2026-04-06 06:32:41,817 [INFO] Received command ElasticBeanstalkCommand-AWSEBAutoScalingGroup (invocation id: 9a3c4b21-054a-4fde-a5bc-c32befba8e4d)
2026-04-06 06:32:41,817 [INFO] Running action for aws-eb-command-handler
