[2026-04-06T05:13:13Z] Started EB User Data
+ SLEEP_TIME=2
+ SLEEP_TIME_MAX=3600
+ true
+ curl https://elasticbeanstalk-platform-assets-ap-south-1.s3.ap-south-1.amazonaws.com/stalks/eb_python314_amazon_linux_2023_1.0.2309.0_20260330141442/lib/UserDataScript.sh
  % Total    % Received % Xferd  Average Speed   Time    Time     Time  Current
                                 Dload  Upload   Total   Spent    Left  Speed
  0     0   0     0   0     0     0     0  --:--:-- --:--:-- --:--:--     0100  4838 100  4838   0     0 54933     0  --:--:-- --:--:-- --:--:-- 54977100  4838 100  4838   0     0 54879     0  --:--:-- --:--:-- --:--:-- 54977
+ RESULT=0
+ [[ 0 -ne 0 ]]
+ /bin/bash /tmp/ebbootstrap.sh 'https://cloudformation-waitcondition-ap-south-1.s3.ap-south-1.amazonaws.com/arn%3Aaws%3Acloudformation%3Aap-south-1%3A963540391315%3Astack/awseb-e-eiyemck4km-stack/29ec3050-3177-11f1-b1b3-0a9d0393cb25/29ed41c0-3177-11f1-b1b3-0a9d0393cb25/AWSEBInstanceLaunchWaitHandle?X-Amz-Algorithm=AWS4-HMAC-SHA256&X-Amz-Date=20260406T051212Z&X-Amz-SignedHeaders=host&X-Amz-Expires=43199&X-Amz-Credential=AKIARN2TU4VHANVLYVMW%2F20260406%2Fap-south-1%2Fs3%2Faws4_request&X-Amz-Signature=d719b0adebc4cecc1680519ba1034c33030472eea58bd8e6beb634d77dae9acf' arn:aws:cloudformation:ap-south-1:963540391315:stack/awseb-e-eiyemck4km-stack/29ec3050-3177-11f1-b1b3-0a9d0393cb25 64f98fed-127f-42c1-9a41-dc4ffa0dda42 https://elasticbeanstalk-health.ap-south-1.amazonaws.com '' https://elasticbeanstalk-platform-assets-ap-south-1.s3.ap-south-1.amazonaws.com/stalks/eb_python314_amazon_linux_2023_1.0.2309.0_20260330141442 ap-south-1
[2026-04-06T05:13:13.415Z] Started EB Bootstrapping Script.
[2026-04-06T05:13:13.420Z] Received parameters:
 TARBALLS = 
 EB_GEMS = 
 SIGNAL_URL = https://cloudformation-waitcondition-ap-south-1.s3.ap-south-1.amazonaws.com/arn%3Aaws%3Acloudformation%3Aap-south-1%3A963540391315%3Astack/awseb-e-eiyemck4km-stack/29ec3050-3177-11f1-b1b3-0a9d0393cb25/29ed41c0-3177-11f1-b1b3-0a9d0393cb25/AWSEBInstanceLaunchWaitHandle?X-Amz-Algorithm=AWS4-HMAC-SHA256&X-Amz-Date=20260406T051212Z&X-Amz-SignedHeaders=host&X-Amz-Expires=43199&X-Amz-Credential=AKIARN2TU4VHANVLYVMW%2F20260406%2Fap-south-1%2Fs3%2Faws4_request&X-Amz-Signature=d719b0adebc4cecc1680519ba1034c33030472eea58bd8e6beb634d77dae9acf
 STACK_ID = arn:aws:cloudformation:ap-south-1:963540391315:stack/awseb-e-eiyemck4km-stack/29ec3050-3177-11f1-b1b3-0a9d0393cb25
 REGION = ap-south-1
 GUID = 
 HEALTHD_GROUP_ID = 64f98fed-127f-42c1-9a41-dc4ffa0dda42
 HEALTHD_ENDPOINT = https://elasticbeanstalk-health.ap-south-1.amazonaws.com
 PROXY_SERVER = 
 HEALTHD_PROXY_LOG_LOCATION = 
 PLATFORM_ASSETS_URL = https://elasticbeanstalk-platform-assets-ap-south-1.s3.ap-south-1.amazonaws.com/stalks/eb_python314_amazon_linux_2023_1.0.2309.0_20260330141442
[2026-04-06T05:13:13.425Z] engine url is set to https://elasticbeanstalk-platform-assets-ap-south-1.s3.ap-south-1.amazonaws.com/stalks/eb_python314_amazon_linux_2023_1.0.2309.0_20260330141442/lib/platform-engine.zip
[2026-04-06T05:13:13.427Z] first init of instance.
[2026-04-06T05:13:13.430Z] Started executing cfn_init _OnInstanceBoot.
[2026-04-06T05:13:13.432Z] Running cfn-init ConfigSet: _OnInstanceBoot.
[2026-04-06T05:13:13.435Z] Using stack-id from userdata
[2026-04-06T05:13:14.227Z] Command Returned: 
[2026-04-06T05:13:14.230Z] Completed executing cfn_init.
[2026-04-06T05:13:14.234Z] finished _OnInstanceBoot
[2026-04-06T05:13:14.237Z] installing platform engine
2026-04-06 05:13:14 URL:https://elasticbeanstalk-platform-assets-ap-south-1.s3.ap-south-1.amazonaws.com/stalks/eb_python314_amazon_linux_2023_1.0.2309.0_20260330141442/lib/platform-engine.zip [34854509/34854509] -> "/tmp/platform-engine.zip" [1]
[2026-04-06T05:13:15.403Z] executing platform engine. see /var/log/eb-engine.log.
[2026-04-06T05:13:17.217Z] Successfully bootstrapped instance.
[2026-04-06T05:13:17.223Z] Sending signal 0 to CFN wait condition https://cloudformation-waitcondition-ap-south-1.s3.ap-south-1.amazonaws.com/arn%3Aaws%3Acloudformation%3Aap-south-1%3A963540391315%3Astack/awseb-e-eiyemck4km-stack/29ec3050-3177-11f1-b1b3-0a9d0393cb25/29ed41c0-3177-11f1-b1b3-0a9d0393cb25/AWSEBInstanceLaunchWaitHandle?X-Amz-Algorithm=AWS4-HMAC-SHA256&X-Amz-Date=20260406T051212Z&X-Amz-SignedHeaders=host&X-Amz-Expires=43199&X-Amz-Credential=AKIARN2TU4VHANVLYVMW%2F20260406%2Fap-south-1%2Fs3%2Faws4_request&X-Amz-Signature=d719b0adebc4cecc1680519ba1034c33030472eea58bd8e6beb634d77dae9acf
CloudFormation signaled successfully with status SUCCESS
[2026-04-06T05:13:17.652Z] Tailing /var/log/eb-engine.log

******************* eb-engine taillog *******************

2026/04/06 05:13:16.230565 [INFO] configure bundle log for healthd...
2026/04/06 05:13:16.230629 [INFO] Executing instruction: GetSetupProxyLog
2026/04/06 05:13:16.230697 [INFO] Executing instruction: GetSetupAnalyzeLogs
2026/04/06 05:13:16.230760 [INFO] Skipping Install yum packages
2026/04/06 05:13:16.230765 [INFO] Skipping Install Python Bundle
2026/04/06 05:13:16.230769 [INFO] Skipping Configure Python site-packages
2026/04/06 05:13:16.230773 [INFO] Skipping Install Python Modules
2026/04/06 05:13:16.230779 [INFO] Skipping MarkBaked
2026/04/06 05:13:16.230785 [INFO] Instance has NOT been bootstrapped
2026/04/06 05:13:16.230788 [INFO] Executing instruction: TuneSystemSettings
2026/04/06 05:13:16.230791 [INFO] Starting TuneSystemSettings
2026/04/06 05:13:16.230811 [INFO] Instance has NOT been bootstrapped
2026/04/06 05:13:16.235678 [INFO] Executing instruction: GetSetupLogRotate
2026/04/06 05:13:16.235685 [INFO] Initialize LogRotate files and directories
2026/04/06 05:13:16.255276 [INFO] Instance has NOT been bootstrapped
2026/04/06 05:13:16.255304 [INFO] Executing instruction: BootstrapCFNHup
2026/04/06 05:13:16.255314 [INFO] Bootstrap cfn-hup
2026/04/06 05:13:16.257605 [INFO] Copying file /opt/elasticbeanstalk/config/private/aws-eb-command-handler.conf to /etc/cfn/hooks.d/aws-eb-command-handler.conf
2026/04/06 05:13:16.259770 [INFO] Executing instruction: StartCFNHup
2026/04/06 05:13:16.259779 [INFO] Start cfn-hup
2026/04/06 05:13:16.259796 [INFO] Running command: systemctl show -p PartOf cfn-hup.service
2026/04/06 05:13:16.275122 [INFO] cfn-hup is not registered with EB yet, registering it now
2026/04/06 05:13:16.275156 [INFO] Running command: systemctl show -p PartOf cfn-hup.service
2026/04/06 05:13:16.290645 [INFO] Running command: systemctl daemon-reload
2026/04/06 05:13:16.503317 [INFO] Running command: systemctl reset-failed
2026/04/06 05:13:16.512948 [INFO] Running command: systemctl is-enabled aws-eb.target
2026/04/06 05:13:16.520989 [INFO] Running command: systemctl enable aws-eb.target
2026/04/06 05:13:16.818714 [INFO] Running command: systemctl start aws-eb.target
2026/04/06 05:13:16.827727 [INFO] Running command: systemctl enable cfn-hup.service
2026/04/06 05:13:17.099722 [INFO] Created symlink /etc/systemd/system/multi-user.target.wants/cfn-hup.service → /etc/systemd/system/cfn-hup.service.

2026/04/06 05:13:17.099750 [INFO] Running command: systemctl is-active cfn-hup.service
2026/04/06 05:13:17.107889 [INFO] cfn-hup process is not running, starting it now
2026/04/06 05:13:17.107916 [INFO] Running command: systemctl show -p PartOf cfn-hup.service
2026/04/06 05:13:17.118432 [INFO] Running command: systemctl is-active cfn-hup.service
2026/04/06 05:13:17.125431 [INFO] Running command: systemctl start cfn-hup.service
2026/04/06 05:13:17.211928 [INFO] Instance has NOT been bootstrapped
2026/04/06 05:13:17.211948 [INFO] Executing instruction: SetupPublishLogCronjob
2026/04/06 05:13:17.211952 [INFO] Setup publish logs cron job...
2026/04/06 05:13:17.211959 [INFO] Copying file /opt/elasticbeanstalk/config/private/logtasks/cron/publishlogs to /etc/cron.d/publishlogs
2026/04/06 05:13:17.214310 [INFO] Instance has NOT been bootstrapped
2026/04/06 05:13:17.214322 [INFO] Executing instruction: MarkBootstrapped
2026/04/06 05:13:17.214336 [INFO] Starting MarkBootstrapped
2026/04/06 05:13:17.214342 [INFO] Instance has NOT been bootstrapped
2026/04/06 05:13:17.214467 [INFO] Marked instance as Bootstrapped
2026/04/06 05:13:17.214473 [INFO] Executing instruction: Save CFN Stack Info
2026/04/06 05:13:17.214532 [INFO] Executing cleanup logic
2026/04/06 05:13:17.214544 [INFO] Platform Engine finished execution on command: env-launch
******************* End of taillog *******************


[2026-04-06T05:13:17.659Z] Tailing /var/log/eb-tools.log

******************* eb-tools taillog *******************
***eb-tools is not available yet.***
******************* End of taillog *******************


[2026-04-06T05:13:17.662Z] Tailing /var/log/eb-hooks.log

******************* eb-hooks taillog *******************
***eb-hooks is not available yet.***
******************* End of taillog *******************


[2026-04-06T05:13:17.664Z] Tailing /var/log/cfn-init.log

******************* cfn-init taillog *******************
2026-04-06 05:13:13,924 [INFO] -----------------------Starting build-----------------------
2026-04-06 05:13:13,930 [INFO] Running configSets: _OnInstanceBoot
2026-04-06 05:13:13,932 [INFO] Running configSet _OnInstanceBoot
2026-04-06 05:13:13,935 [INFO] Running config AWSEBBaseConfig
2026-04-06 05:13:14,183 [INFO] Command clearbackupfiles succeeded
2026-04-06 05:13:14,186 [INFO] Running config AWSEBCfnHupEndpointOverride
2026-04-06 05:13:14,191 [INFO] Command clearbackupfiles succeeded
2026-04-06 05:13:14,192 [INFO] ConfigSets completed
2026-04-06 05:13:14,192 [INFO] -----------------------Build complete-----------------------
******************* End of taillog *******************


[2026-04-06T05:13:17.668Z] Tailing /var/log/cfn-hup.log

******************* cfn-hup taillog *******************
2026-04-06 05:13:17,523 [DEBUG] CloudFormation client initialized with endpoint https://cloudformation.ap-south-1.amazonaws.com
2026-04-06 05:13:17,523 [DEBUG] SQS client initialized with endpoint https://sqs.ap-south-1.amazonaws.com
2026-04-06 05:13:17,523 [DEBUG] CloudFormation client initialized with endpoint https://cloudformation.ap-south-1.amazonaws.com
2026-04-06 05:13:17,524 [DEBUG] Enabled single threading mode.
2026-04-06 05:13:17,524 [DEBUG] Creating /var/lib/cfn-hup/data
2026-04-06 05:13:17,534 [INFO] No umask value specified in config file. Using the default one: 0o22
2026-04-06 05:13:17,598 [INFO] Pid: 1786
******************* End of taillog *******************


[2026-04-06T05:13:17.672Z] Completed EB Bootstrapping Script.
+ RESULT=0
+ [[ 0 -ne 0 ]]
+ exit 0
