2026/04/06 06:21:41.105079 [INFO] Cleaning log publish record...
2026/04/06 06:21:41.105106 [INFO] Start log publish job.
2026/04/06 06:21:41.105109 [INFO] Start publish file /tmp/TailLogs-1775456501095.txt
2026/04/06 06:21:41.163451 [INFO] Successful upload file /tmp/TailLogs-1775456501095.txt to s3 resources/environments/logs/tail/e-eiyemck4km/i-0589624592e218864/TailLogs-1775456501095.txt
2026/04/06 06:21:41.163583 [INFO] Finished log publish job.
2026/04/06 06:26:21.438523 [INFO] Cleaning log publish record...
2026/04/06 06:26:21.439117 [INFO] /tmp/TailLogs-1775456501095.txt exists, no need for clean up
2026/04/06 06:26:21.439121 [INFO] Start log publish job.
2026/04/06 06:26:21.439124 [INFO] Start publish file /tmp/TailLogs-1775456781426.txt
2026/04/06 06:26:21.490592 [INFO] Successful upload file /tmp/TailLogs-1775456781426.txt to s3 resources/environments/logs/tail/e-eiyemck4km/i-0589624592e218864/TailLogs-1775456781426.txt
2026/04/06 06:26:21.490731 [INFO] Finished log publish job.
2026/04/06 06:28:53.619378 [INFO] Cleaning log publish record...
2026/04/06 06:28:53.619436 [INFO] /tmp/TailLogs-1775456501095.txt exists, no need for clean up
2026/04/06 06:28:53.619441 [INFO] /tmp/TailLogs-1775456781426.txt exists, no need for clean up
2026/04/06 06:28:53.619443 [INFO] Start log publish job.
2026/04/06 06:28:53.619445 [INFO] Start publish file /tmp/TailLogs-1775456933609.txt
2026/04/06 06:28:53.661693 [INFO] Successful upload file /tmp/TailLogs-1775456933609.txt to s3 resources/environments/logs/tail/e-eiyemck4km/i-0589624592e218864/TailLogs-1775456933609.txt
2026/04/06 06:28:53.661848 [INFO] Finished log publish job.
2026/04/06 06:29:15.107143 [INFO] Cleaning log publish record...
2026/04/06 06:29:15.107180 [INFO] /tmp/TailLogs-1775456501095.txt exists, no need for clean up
2026/04/06 06:29:15.107185 [INFO] /tmp/TailLogs-1775456781426.txt exists, no need for clean up
2026/04/06 06:29:15.107192 [INFO] /tmp/TailLogs-1775456933609.txt exists, no need for clean up
2026/04/06 06:29:15.107194 [INFO] Start log publish job.
2026/04/06 06:29:15.107196 [INFO] Start publish file /tmp/TailLogs-1775456955097.txt
2026/04/06 06:29:15.154988 [INFO] Successful upload file /tmp/TailLogs-1775456955097.txt to s3 resources/environments/logs/tail/e-eiyemck4km/i-0589624592e218864/TailLogs-1775456955097.txt
2026/04/06 06:29:15.155127 [INFO] Finished log publish job.
