Apr  6 05:14:38 ip-172-31-13-3 web[2110]: [2026-04-06 05:14:38 +0000] [2110] [INFO] Starting gunicorn 25.0.3
Apr  6 05:14:38 ip-172-31-13-3 web[2110]: [2026-04-06 05:14:38 +0000] [2110] [INFO] Listening at: http://127.0.0.1:8000 (2110)
Apr  6 05:14:38 ip-172-31-13-3 web[2110]: [2026-04-06 05:14:38 +0000] [2110] [INFO] Using worker: gthread
Apr  6 05:14:38 ip-172-31-13-3 web[2114]: [2026-04-06 05:14:38 +0000] [2114] [INFO] Booting worker with pid: 2114
Apr  6 06:08:33 ip-172-31-13-3 web[2110]: [2026-04-06 06:08:33 +0000] [2110] [INFO] Handling signal: term
Apr  6 06:08:33 ip-172-31-13-3 web[2114]: [2026-04-06 06:08:33 +0000] [2114] [INFO] Worker exiting (pid: 2114)
Apr  6 06:08:34 ip-172-31-13-3 web[2110]: [2026-04-06 06:08:34 +0000] [2110] [INFO] Shutting down: Master
Apr  6 06:08:35 ip-172-31-13-3 web[4341]: [2026-04-06 06:08:35 +0000] [4341] [INFO] Starting gunicorn 25.0.3
Apr  6 06:08:35 ip-172-31-13-3 web[4341]: [2026-04-06 06:08:35 +0000] [4341] [INFO] Listening at: http://127.0.0.1:8000 (4341)
Apr  6 06:08:35 ip-172-31-13-3 web[4341]: [2026-04-06 06:08:35 +0000] [4341] [INFO] Using worker: gthread
Apr  6 06:08:35 ip-172-31-13-3 web[4345]: [2026-04-06 06:08:35 +0000] [4345] [INFO] Booting worker with pid: 4345
Apr  6 06:08:35 ip-172-31-13-3 web[4345]: [2026-04-06 06:08:35 +0000] [4345] [ERROR] Exception in worker process
Apr  6 06:08:35 ip-172-31-13-3 web[4345]: Traceback (most recent call last):
Apr  6 06:08:35 ip-172-31-13-3 web[4345]:  File "/var/app/venv/staging-LQM1lest/lib64/python3.14/site-packages/gunicorn/arbiter.py", line 684, in spawn_worker
Apr  6 06:08:35 ip-172-31-13-3 web[4345]:    worker.init_process()
Apr  6 06:08:35 ip-172-31-13-3 web[4345]:    ~~~~~~~~~~~~~~~~~~~^^
Apr  6 06:08:35 ip-172-31-13-3 web[4345]:  File "/var/app/venv/staging-LQM1lest/lib64/python3.14/site-packages/gunicorn/workers/gthread.py", line 196, in init_process
Apr  6 06:08:35 ip-172-31-13-3 web[4345]:    super().init_process()
Apr  6 06:08:35 ip-172-31-13-3 web[4345]:    ~~~~~~~~~~~~~~~~~~~~^^
Apr  6 06:08:35 ip-172-31-13-3 web[4345]:  File "/var/app/venv/staging-LQM1lest/lib64/python3.14/site-packages/gunicorn/workers/base.py", line 136, in init_process
Apr  6 06:08:35 ip-172-31-13-3 web[4345]:    self.load_wsgi()
Apr  6 06:08:35 ip-172-31-13-3 web[4345]:    ~~~~~~~~~~~~~~^^
Apr  6 06:08:35 ip-172-31-13-3 web[4345]:  File "/var/app/venv/staging-LQM1lest/lib64/python3.14/site-packages/gunicorn/workers/base.py", line 148, in load_wsgi
Apr  6 06:08:35 ip-172-31-13-3 web[4345]:    self.wsgi = self.app.wsgi()
Apr  6 06:08:35 ip-172-31-13-3 web[4345]:                ~~~~~~~~~~~~~^^
Apr  6 06:08:35 ip-172-31-13-3 web[4345]:  File "/var/app/venv/staging-LQM1lest/lib64/python3.14/site-packages/gunicorn/app/base.py", line 66, in wsgi
Apr  6 06:08:35 ip-172-31-13-3 web[4345]:    self.callable = self.load()
Apr  6 06:08:35 ip-172-31-13-3 web[4345]:                    ~~~~~~~~~^^
Apr  6 06:08:35 ip-172-31-13-3 web[4345]:  File "/var/app/venv/staging-LQM1lest/lib64/python3.14/site-packages/gunicorn/app/wsgiapp.py", line 57, in load
Apr  6 06:08:35 ip-172-31-13-3 web[4345]:    return self.load_wsgiapp()
Apr  6 06:08:35 ip-172-31-13-3 web[4345]:           ~~~~~~~~~~~~~~~~~^^
Apr  6 06:08:35 ip-172-31-13-3 web[4345]:  File "/var/app/venv/staging-LQM1lest/lib64/python3.14/site-packages/gunicorn/app/wsgiapp.py", line 47, in load_wsgiapp
Apr  6 06:08:35 ip-172-31-13-3 web[4345]:    return util.import_app(self.app_uri)
Apr  6 06:08:35 ip-172-31-13-3 web[4345]:           ~~~~~~~~~~~~~~~^^^^^^^^^^^^^^
Apr  6 06:08:35 ip-172-31-13-3 web[4345]:  File "/var/app/venv/staging-LQM1lest/lib64/python3.14/site-packages/gunicorn/util.py", line 377, in import_app
Apr  6 06:08:35 ip-172-31-13-3 web[4345]:    mod = importlib.import_module(module)
Apr  6 06:08:35 ip-172-31-13-3 web[4345]:  File "/usr/lib64/python3.14/importlib/__init__.py", line 88, in import_module
Apr  6 06:08:35 ip-172-31-13-3 web[4345]:    return _bootstrap._gcd_import(name[level:], package, level)
Apr  6 06:08:35 ip-172-31-13-3 web[4345]:           ~~~~~~~~~~~~~~~~~~~~~~^^^^^^^^^^^^^^^^^^^^^^^^^^^^^^
Apr  6 06:08:35 ip-172-31-13-3 web[4345]:  File "<frozen importlib._bootstrap>", line 1398, in _gcd_import
Apr  6 06:08:35 ip-172-31-13-3 web[4345]:  File "<frozen importlib._bootstrap>", line 1371, in _find_and_load
Apr  6 06:08:35 ip-172-31-13-3 web[4345]:  File "<frozen importlib._bootstrap>", line 1335, in _find_and_load_unlocked
Apr  6 06:08:35 ip-172-31-13-3 web[4345]: ModuleNotFoundError: No module named 'application'
Apr  6 06:08:35 ip-172-31-13-3 web[4345]: No module named 'application'
Apr  6 06:08:35 ip-172-31-13-3 web[4345]: [2026-04-06 06:08:35 +0000] [4345] [INFO] Worker exiting (pid: 4345)
Apr  6 06:08:35 ip-172-31-13-3 web[4341]: [2026-04-06 06:08:35 +0000] [4341] [ERROR] Worker (pid:4345) exited with code 3.
Apr  6 06:08:35 ip-172-31-13-3 web[4341]: [2026-04-06 06:08:35 +0000] [4341] [ERROR] Shutting down: Master
Apr  6 06:08:35 ip-172-31-13-3 web[4341]: [2026-04-06 06:08:35 +0000] [4341] [ERROR] Reason: Worker failed to boot.
Apr  6 06:08:36 ip-172-31-13-3 web[4348]: [2026-04-06 06:08:36 +0000] [4348] [INFO] Starting gunicorn 25.0.3
Apr  6 06:08:36 ip-172-31-13-3 web[4348]: [2026-04-06 06:08:36 +0000] [4348] [INFO] Listening at: http://127.0.0.1:8000 (4348)
Apr  6 06:08:36 ip-172-31-13-3 web[4348]: [2026-04-06 06:08:36 +0000] [4348] [INFO] Using worker: gthread
Apr  6 06:08:36 ip-172-31-13-3 web[4352]: [2026-04-06 06:08:36 +0000] [4352] [INFO] Booting worker with pid: 4352
Apr  6 06:08:36 ip-172-31-13-3 web[4352]: [2026-04-06 06:08:36 +0000] [4352] [ERROR] Exception in worker process
Apr  6 06:08:36 ip-172-31-13-3 web[4352]: Traceback (most recent call last):
Apr  6 06:08:36 ip-172-31-13-3 web[4352]:  File "/var/app/venv/staging-LQM1lest/lib64/python3.14/site-packages/gunicorn/arbiter.py", line 684, in spawn_worker
Apr  6 06:08:36 ip-172-31-13-3 web[4352]:    worker.init_process()
Apr  6 06:08:36 ip-172-31-13-3 web[4352]:    ~~~~~~~~~~~~~~~~~~~^^
Apr  6 06:08:36 ip-172-31-13-3 web[4352]:  File "/var/app/venv/staging-LQM1lest/lib64/python3.14/site-packages/gunicorn/workers/gthread.py", line 196, in init_process
Apr  6 06:08:36 ip-172-31-13-3 web[4352]:    super().init_process()
Apr  6 06:08:36 ip-172-31-13-3 web[4352]:    ~~~~~~~~~~~~~~~~~~~~^^
Apr  6 06:08:36 ip-172-31-13-3 web[4352]:  File "/var/app/venv/staging-LQM1lest/lib64/python3.14/site-packages/gunicorn/workers/base.py", line 136, in init_process
Apr  6 06:08:36 ip-172-31-13-3 web[4352]:    self.load_wsgi()
Apr  6 06:08:36 ip-172-31-13-3 web[4352]:    ~~~~~~~~~~~~~~^^
Apr  6 06:08:36 ip-172-31-13-3 web[4352]:  File "/var/app/venv/staging-LQM1lest/lib64/python3.14/site-packages/gunicorn/workers/base.py", line 148, in load_wsgi
Apr  6 06:08:36 ip-172-31-13-3 web[4352]:    self.wsgi = self.app.wsgi()
Apr  6 06:08:36 ip-172-31-13-3 web[4352]:                ~~~~~~~~~~~~~^^
Apr  6 06:08:36 ip-172-31-13-3 web[4352]:  File "/var/app/venv/staging-LQM1lest/lib64/python3.14/site-packages/gunicorn/app/base.py", line 66, in wsgi
Apr  6 06:08:36 ip-172-31-13-3 web[4352]:    self.callable = self.load()
Apr  6 06:08:36 ip-172-31-13-3 web[4352]:                    ~~~~~~~~~^^
Apr  6 06:08:36 ip-172-31-13-3 web[4352]:  File "/var/app/venv/staging-LQM1lest/lib64/python3.14/site-packages/gunicorn/app/wsgiapp.py", line 57, in load
Apr  6 06:08:36 ip-172-31-13-3 web[4352]:    return self.load_wsgiapp()
Apr  6 06:08:36 ip-172-31-13-3 web[4352]:           ~~~~~~~~~~~~~~~~~^^
Apr  6 06:08:36 ip-172-31-13-3 web[4352]:  File "/var/app/venv/staging-LQM1lest/lib64/python3.14/site-packages/gunicorn/app/wsgiapp.py", line 47, in load_wsgiapp
Apr  6 06:08:36 ip-172-31-13-3 web[4352]:    return util.import_app(self.app_uri)
Apr  6 06:08:36 ip-172-31-13-3 web[4352]:           ~~~~~~~~~~~~~~~^^^^^^^^^^^^^^
Apr  6 06:08:36 ip-172-31-13-3 web[4352]:  File "/var/app/venv/staging-LQM1lest/lib64/python3.14/site-packages/gunicorn/util.py", line 377, in import_app
Apr  6 06:08:36 ip-172-31-13-3 web[4352]:    mod = importlib.import_module(module)
Apr  6 06:08:36 ip-172-31-13-3 web[4352]:  File "/usr/lib64/python3.14/importlib/__init__.py", line 88, in import_module
Apr  6 06:08:36 ip-172-31-13-3 web[4352]:    return _bootstrap._gcd_import(name[level:], package, level)
Apr  6 06:08:36 ip-172-31-13-3 web[4352]:           ~~~~~~~~~~~~~~~~~~~~~~^^^^^^^^^^^^^^^^^^^^^^^^^^^^^^
Apr  6 06:08:36 ip-172-31-13-3 web[4352]:  File "<frozen importlib._bootstrap>", line 1398, in _gcd_import
Apr  6 06:08:36 ip-172-31-13-3 web[4352]:  File "<frozen importlib._bootstrap>", line 1371, in _find_and_load
Apr  6 06:08:36 ip-172-31-13-3 web[4352]:  File "<frozen importlib._bootstrap>", line 1335, in _find_and_load_unlocked
Apr  6 06:08:36 ip-172-31-13-3 web[4352]: ModuleNotFoundError: No module named 'application'
Apr  6 06:08:36 ip-172-31-13-3 web[4352]: No module named 'application'
Apr  6 06:08:36 ip-172-31-13-3 web[4352]: [2026-04-06 06:08:36 +0000] [4352] [INFO] Worker exiting (pid: 4352)
Apr  6 06:08:36 ip-172-31-13-3 web[4348]: [2026-04-06 06:08:36 +0000] [4348] [ERROR] Worker (pid:4352) exited with code 3.
Apr  6 06:08:36 ip-172-31-13-3 web[4348]: [2026-04-06 06:08:36 +0000] [4348] [ERROR] Shutting down: Master
Apr  6 06:08:36 ip-172-31-13-3 web[4348]: [2026-04-06 06:08:36 +0000] [4348] [ERROR] Reason: Worker failed to boot.
Apr  6 06:08:36 ip-172-31-13-3 web[4354]: [2026-04-06 06:08:36 +0000] [4354] [INFO] Starting gunicorn 25.0.3
Apr  6 06:08:36 ip-172-31-13-3 web[4354]: [2026-04-06 06:08:36 +0000] [4354] [INFO] Listening at: http://127.0.0.1:8000 (4354)
Apr  6 06:08:36 ip-172-31-13-3 web[4354]: [2026-04-06 06:08:36 +0000] [4354] [INFO] Using worker: gthread
Apr  6 06:08:36 ip-172-31-13-3 web[4358]: [2026-04-06 06:08:36 +0000] [4358] [INFO] Booting worker with pid: 4358
Apr  6 06:08:36 ip-172-31-13-3 web[4358]: [2026-04-06 06:08:36 +0000] [4358] [ERROR] Exception in worker process
Apr  6 06:08:36 ip-172-31-13-3 web[4358]: Traceback (most recent call last):
Apr  6 06:08:36 ip-172-31-13-3 web[4358]:  File "/var/app/venv/staging-LQM1lest/lib64/python3.14/site-packages/gunicorn/arbiter.py", line 684, in spawn_worker
Apr  6 06:08:36 ip-172-31-13-3 web[4358]:    worker.init_process()
Apr  6 06:08:36 ip-172-31-13-3 web[4358]:    ~~~~~~~~~~~~~~~~~~~^^
Apr  6 06:08:36 ip-172-31-13-3 web[4358]:  File "/var/app/venv/staging-LQM1lest/lib64/python3.14/site-packages/gunicorn/workers/gthread.py", line 196, in init_process
Apr  6 06:08:36 ip-172-31-13-3 web[4358]:    super().init_process()
Apr  6 06:08:36 ip-172-31-13-3 web[4358]:    ~~~~~~~~~~~~~~~~~~~~^^
Apr  6 06:08:36 ip-172-31-13-3 web[4358]:  File "/var/app/venv/staging-LQM1lest/lib64/python3.14/site-packages/gunicorn/workers/base.py", line 136, in init_process
Apr  6 06:08:36 ip-172-31-13-3 web[4358]:    self.load_wsgi()
Apr  6 06:08:36 ip-172-31-13-3 web[4358]:    ~~~~~~~~~~~~~~^^
Apr  6 06:08:36 ip-172-31-13-3 web[4358]:  File "/var/app/venv/staging-LQM1lest/lib64/python3.14/site-packages/gunicorn/workers/base.py", line 148, in load_wsgi
Apr  6 06:08:36 ip-172-31-13-3 web[4358]:    self.wsgi = self.app.wsgi()
Apr  6 06:08:36 ip-172-31-13-3 web[4358]:                ~~~~~~~~~~~~~^^
Apr  6 06:08:36 ip-172-31-13-3 web[4358]:  File "/var/app/venv/staging-LQM1lest/lib64/python3.14/site-packages/gunicorn/app/base.py", line 66, in wsgi
Apr  6 06:08:36 ip-172-31-13-3 web[4358]:    self.callable = self.load()
Apr  6 06:08:36 ip-172-31-13-3 web[4358]:                    ~~~~~~~~~^^
Apr  6 06:08:36 ip-172-31-13-3 web[4358]:  File "/var/app/venv/staging-LQM1lest/lib64/python3.14/site-packages/gunicorn/app/wsgiapp.py", line 57, in load
Apr  6 06:08:36 ip-172-31-13-3 web[4358]:    return self.load_wsgiapp()
Apr  6 06:08:36 ip-172-31-13-3 web[4358]:           ~~~~~~~~~~~~~~~~~^^
Apr  6 06:08:36 ip-172-31-13-3 web[4358]:  File "/var/app/venv/staging-LQM1lest/lib64/python3.14/site-packages/gunicorn/app/wsgiapp.py", line 47, in load_wsgiapp
Apr  6 06:08:36 ip-172-31-13-3 web[4358]:    return util.import_app(self.app_uri)
Apr  6 06:08:36 ip-172-31-13-3 web[4358]:           ~~~~~~~~~~~~~~~^^^^^^^^^^^^^^
Apr  6 06:08:36 ip-172-31-13-3 web[4358]:  File "/var/app/venv/staging-LQM1lest/lib64/python3.14/site-packages/gunicorn/util.py", line 377, in import_app
Apr  6 06:08:36 ip-172-31-13-3 web[4358]:    mod = importlib.import_module(module)
Apr  6 06:08:36 ip-172-31-13-3 web[4358]:  File "/usr/lib64/python3.14/importlib/__init__.py", line 88, in import_module
Apr  6 06:08:36 ip-172-31-13-3 web[4358]:    return _bootstrap._gcd_import(name[level:], package, level)
Apr  6 06:08:36 ip-172-31-13-3 web[4358]:           ~~~~~~~~~~~~~~~~~~~~~~^^^^^^^^^^^^^^^^^^^^^^^^^^^^^^
Apr  6 06:08:36 ip-172-31-13-3 web[4358]:  File "<frozen importlib._bootstrap>", line 1398, in _gcd_import
Apr  6 06:08:36 ip-172-31-13-3 web[4358]:  File "<frozen importlib._bootstrap>", line 1371, in _find_and_load
Apr  6 06:08:36 ip-172-31-13-3 web[4358]:  File "<frozen importlib._bootstrap>", line 1335, in _find_and_load_unlocked
Apr  6 06:08:36 ip-172-31-13-3 web[4358]: ModuleNotFoundError: No module named 'application'
Apr  6 06:08:36 ip-172-31-13-3 web[4358]: No module named 'application'
Apr  6 06:08:36 ip-172-31-13-3 web[4358]: [2026-04-06 06:08:36 +0000] [4358] [INFO] Worker exiting (pid: 4358)
Apr  6 06:08:36 ip-172-31-13-3 web[4354]: [2026-04-06 06:08:36 +0000] [4354] [ERROR] Worker (pid:4358) exited with code 3.
Apr  6 06:08:36 ip-172-31-13-3 web[4354]: [2026-04-06 06:08:36 +0000] [4354] [ERROR] Shutting down: Master
Apr  6 06:08:36 ip-172-31-13-3 web[4354]: [2026-04-06 06:08:36 +0000] [4354] [ERROR] Reason: Worker failed to boot.
Apr  6 06:08:37 ip-172-31-13-3 web[4360]: [2026-04-06 06:08:37 +0000] [4360] [INFO] Starting gunicorn 25.0.3
Apr  6 06:08:37 ip-172-31-13-3 web[4360]: [2026-04-06 06:08:37 +0000] [4360] [INFO] Listening at: http://127.0.0.1:8000 (4360)
Apr  6 06:08:37 ip-172-31-13-3 web[4360]: [2026-04-06 06:08:37 +0000] [4360] [INFO] Using worker: gthread
Apr  6 06:08:37 ip-172-31-13-3 web[4364]: [2026-04-06 06:08:37 +0000] [4364] [INFO] Booting worker with pid: 4364
Apr  6 06:08:37 ip-172-31-13-3 web[4364]: [2026-04-06 06:08:37 +0000] [4364] [ERROR] Exception in worker process
Apr  6 06:08:37 ip-172-31-13-3 web[4364]: Traceback (most recent call last):
Apr  6 06:08:37 ip-172-31-13-3 web[4364]:  File "/var/app/venv/staging-LQM1lest/lib64/python3.14/site-packages/gunicorn/arbiter.py", line 684, in spawn_worker
Apr  6 06:08:37 ip-172-31-13-3 web[4364]:    worker.init_process()
Apr  6 06:08:37 ip-172-31-13-3 web[4364]:    ~~~~~~~~~~~~~~~~~~~^^
Apr  6 06:08:37 ip-172-31-13-3 web[4364]:  File "/var/app/venv/staging-LQM1lest/lib64/python3.14/site-packages/gunicorn/workers/gthread.py", line 196, in init_process
Apr  6 06:08:37 ip-172-31-13-3 web[4364]:    super().init_process()
Apr  6 06:08:37 ip-172-31-13-3 web[4364]:    ~~~~~~~~~~~~~~~~~~~~^^
Apr  6 06:08:37 ip-172-31-13-3 web[4364]:  File "/var/app/venv/staging-LQM1lest/lib64/python3.14/site-packages/gunicorn/workers/base.py", line 136, in init_process
Apr  6 06:08:37 ip-172-31-13-3 web[4364]:    self.load_wsgi()
Apr  6 06:08:37 ip-172-31-13-3 web[4364]:    ~~~~~~~~~~~~~~^^
Apr  6 06:08:37 ip-172-31-13-3 web[4364]:  File "/var/app/venv/staging-LQM1lest/lib64/python3.14/site-packages/gunicorn/workers/base.py", line 148, in load_wsgi
Apr  6 06:08:37 ip-172-31-13-3 web[4364]:    self.wsgi = self.app.wsgi()
Apr  6 06:08:37 ip-172-31-13-3 web[4364]:                ~~~~~~~~~~~~~^^
Apr  6 06:08:37 ip-172-31-13-3 web[4364]:  File "/var/app/venv/staging-LQM1lest/lib64/python3.14/site-packages/gunicorn/app/base.py", line 66, in wsgi
Apr  6 06:08:37 ip-172-31-13-3 web[4364]:    self.callable = self.load()
Apr  6 06:08:37 ip-172-31-13-3 web[4364]:                    ~~~~~~~~~^^
Apr  6 06:08:37 ip-172-31-13-3 web[4364]:  File "/var/app/venv/staging-LQM1lest/lib64/python3.14/site-packages/gunicorn/app/wsgiapp.py", line 57, in load
Apr  6 06:08:37 ip-172-31-13-3 web[4364]:    return self.load_wsgiapp()
Apr  6 06:08:37 ip-172-31-13-3 web[4364]:           ~~~~~~~~~~~~~~~~~^^
Apr  6 06:08:37 ip-172-31-13-3 web[4364]:  File "/var/app/venv/staging-LQM1lest/lib64/python3.14/site-packages/gunicorn/app/wsgiapp.py", line 47, in load_wsgiapp
Apr  6 06:08:37 ip-172-31-13-3 web[4364]:    return util.import_app(self.app_uri)
Apr  6 06:08:37 ip-172-31-13-3 web[4364]:           ~~~~~~~~~~~~~~~^^^^^^^^^^^^^^
Apr  6 06:08:37 ip-172-31-13-3 web[4364]:  File "/var/app/venv/staging-LQM1lest/lib64/python3.14/site-packages/gunicorn/util.py", line 377, in import_app
Apr  6 06:08:37 ip-172-31-13-3 web[4364]:    mod = importlib.import_module(module)
Apr  6 06:08:37 ip-172-31-13-3 web[4364]:  File "/usr/lib64/python3.14/importlib/__init__.py", line 88, in import_module
Apr  6 06:08:37 ip-172-31-13-3 web[4364]:    return _bootstrap._gcd_import(name[level:], package, level)
Apr  6 06:08:37 ip-172-31-13-3 web[4364]:           ~~~~~~~~~~~~~~~~~~~~~~^^^^^^^^^^^^^^^^^^^^^^^^^^^^^^
Apr  6 06:08:37 ip-172-31-13-3 web[4364]:  File "<frozen importlib._bootstrap>", line 1398, in _gcd_import
Apr  6 06:08:37 ip-172-31-13-3 web[4364]:  File "<frozen importlib._bootstrap>", line 1371, in _find_and_load
Apr  6 06:08:37 ip-172-31-13-3 web[4364]:  File "<frozen importlib._bootstrap>", line 1335, in _find_and_load_unlocked
Apr  6 06:08:37 ip-172-31-13-3 web[4364]: ModuleNotFoundError: No module named 'application'
Apr  6 06:08:37 ip-172-31-13-3 web[4364]: No module named 'application'
Apr  6 06:08:37 ip-172-31-13-3 web[4364]: [2026-04-06 06:08:37 +0000] [4364] [INFO] Worker exiting (pid: 4364)
Apr  6 06:08:37 ip-172-31-13-3 web[4360]: [2026-04-06 06:08:37 +0000] [4360] [ERROR] Worker (pid:4364) exited with code 3.
Apr  6 06:08:37 ip-172-31-13-3 web[4360]: [2026-04-06 06:08:37 +0000] [4360] [ERROR] Shutting down: Master
Apr  6 06:08:37 ip-172-31-13-3 web[4360]: [2026-04-06 06:08:37 +0000] [4360] [ERROR] Reason: Worker failed to boot.
Apr  6 06:08:37 ip-172-31-13-3 web[4369]: [2026-04-06 06:08:37 +0000] [4369] [INFO] Starting gunicorn 25.0.3
Apr  6 06:08:37 ip-172-31-13-3 web[4369]: [2026-04-06 06:08:37 +0000] [4369] [INFO] Listening at: http://127.0.0.1:8000 (4369)
Apr  6 06:08:37 ip-172-31-13-3 web[4369]: [2026-04-06 06:08:37 +0000] [4369] [INFO] Using worker: gthread
Apr  6 06:08:37 ip-172-31-13-3 web[4387]: [2026-04-06 06:08:37 +0000] [4387] [INFO] Booting worker with pid: 4387
Apr  6 06:08:37 ip-172-31-13-3 web[4387]: [2026-04-06 06:08:37 +0000] [4387] [ERROR] Exception in worker process
Apr  6 06:08:37 ip-172-31-13-3 web[4387]: Traceback (most recent call last):
Apr  6 06:08:37 ip-172-31-13-3 web[4387]:  File "/var/app/venv/staging-LQM1lest/lib64/python3.14/site-packages/gunicorn/arbiter.py", line 684, in spawn_worker
Apr  6 06:08:37 ip-172-31-13-3 web[4387]:    worker.init_process()
Apr  6 06:08:37 ip-172-31-13-3 web[4387]:    ~~~~~~~~~~~~~~~~~~~^^
Apr  6 06:08:37 ip-172-31-13-3 web[4387]:  File "/var/app/venv/staging-LQM1lest/lib64/python3.14/site-packages/gunicorn/workers/gthread.py", line 196, in init_process
Apr  6 06:08:37 ip-172-31-13-3 web[4387]:    super().init_process()
Apr  6 06:08:37 ip-172-31-13-3 web[4387]:    ~~~~~~~~~~~~~~~~~~~~^^
Apr  6 06:08:37 ip-172-31-13-3 web[4387]:  File "/var/app/venv/staging-LQM1lest/lib64/python3.14/site-packages/gunicorn/workers/base.py", line 136, in init_process
Apr  6 06:08:37 ip-172-31-13-3 web[4387]:    self.load_wsgi()
Apr  6 06:08:37 ip-172-31-13-3 web[4387]:    ~~~~~~~~~~~~~~^^
Apr  6 06:08:37 ip-172-31-13-3 web[4387]:  File "/var/app/venv/staging-LQM1lest/lib64/python3.14/site-packages/gunicorn/workers/base.py", line 148, in load_wsgi
Apr  6 06:08:37 ip-172-31-13-3 web[4387]:    self.wsgi = self.app.wsgi()
Apr  6 06:08:37 ip-172-31-13-3 web[4387]:                ~~~~~~~~~~~~~^^
Apr  6 06:08:37 ip-172-31-13-3 web[4387]:  File "/var/app/venv/staging-LQM1lest/lib64/python3.14/site-packages/gunicorn/app/base.py", line 66, in wsgi
Apr  6 06:08:37 ip-172-31-13-3 web[4387]:    self.callable = self.load()
Apr  6 06:08:37 ip-172-31-13-3 web[4387]:                    ~~~~~~~~~^^
Apr  6 06:08:37 ip-172-31-13-3 web[4387]:  File "/var/app/venv/staging-LQM1lest/lib64/python3.14/site-packages/gunicorn/app/wsgiapp.py", line 57, in load
Apr  6 06:08:37 ip-172-31-13-3 web[4387]:    return self.load_wsgiapp()
Apr  6 06:08:37 ip-172-31-13-3 web[4387]:           ~~~~~~~~~~~~~~~~~^^
Apr  6 06:08:37 ip-172-31-13-3 web[4387]:  File "/var/app/venv/staging-LQM1lest/lib64/python3.14/site-packages/gunicorn/app/wsgiapp.py", line 47, in load_wsgiapp
Apr  6 06:08:37 ip-172-31-13-3 web[4387]:    return util.import_app(self.app_uri)
Apr  6 06:08:37 ip-172-31-13-3 web[4387]:           ~~~~~~~~~~~~~~~^^^^^^^^^^^^^^
Apr  6 06:08:37 ip-172-31-13-3 web[4387]:  File "/var/app/venv/staging-LQM1lest/lib64/python3.14/site-packages/gunicorn/util.py", line 377, in import_app
Apr  6 06:08:37 ip-172-31-13-3 web[4387]:    mod = importlib.import_module(module)
Apr  6 06:08:37 ip-172-31-13-3 web[4387]:  File "/usr/lib64/python3.14/importlib/__init__.py", line 88, in import_module
Apr  6 06:08:37 ip-172-31-13-3 web[4387]:    return _bootstrap._gcd_import(name[level:], package, level)
Apr  6 06:08:37 ip-172-31-13-3 web[4387]:           ~~~~~~~~~~~~~~~~~~~~~~^^^^^^^^^^^^^^^^^^^^^^^^^^^^^^
Apr  6 06:08:37 ip-172-31-13-3 web[4387]:  File "<frozen importlib._bootstrap>", line 1398, in _gcd_import
Apr  6 06:08:37 ip-172-31-13-3 web[4387]:  File "<frozen importlib._bootstrap>", line 1371, in _find_and_load
Apr  6 06:08:37 ip-172-31-13-3 web[4387]:  File "<frozen importlib._bootstrap>", line 1335, in _find_and_load_unlocked
Apr  6 06:08:37 ip-172-31-13-3 web[4387]: ModuleNotFoundError: No module named 'application'
Apr  6 06:08:37 ip-172-31-13-3 web[4387]: No module named 'application'
Apr  6 06:08:37 ip-172-31-13-3 web[4387]: [2026-04-06 06:08:37 +0000] [4387] [INFO] Worker exiting (pid: 4387)
Apr  6 06:08:37 ip-172-31-13-3 web[4369]: [2026-04-06 06:08:37 +0000] [4369] [ERROR] Worker (pid:4387) exited with code 3.
Apr  6 06:08:37 ip-172-31-13-3 web[4369]: [2026-04-06 06:08:37 +0000] [4369] [ERROR] Shutting down: Master
Apr  6 06:08:37 ip-172-31-13-3 web[4369]: [2026-04-06 06:08:37 +0000] [4369] [ERROR] Reason: Worker failed to boot.
Apr  6 06:08:38 ip-172-31-13-3 web[4416]: [2026-04-06 06:08:38 +0000] [4416] [INFO] Starting gunicorn 25.0.3
Apr  6 06:08:38 ip-172-31-13-3 web[4416]: [2026-04-06 06:08:38 +0000] [4416] [INFO] Listening at: http://127.0.0.1:8000 (4416)
Apr  6 06:08:38 ip-172-31-13-3 web[4416]: [2026-04-06 06:08:38 +0000] [4416] [INFO] Using worker: gthread
Apr  6 06:08:38 ip-172-31-13-3 web[4427]: [2026-04-06 06:08:38 +0000] [4427] [INFO] Booting worker with pid: 4427
Apr  6 06:08:38 ip-172-31-13-3 web[4427]: [2026-04-06 06:08:38 +0000] [4427] [ERROR] Exception in worker process
Apr  6 06:08:38 ip-172-31-13-3 web[4427]: Traceback (most recent call last):
Apr  6 06:08:38 ip-172-31-13-3 web[4427]:  File "/var/app/venv/staging-LQM1lest/lib64/python3.14/site-packages/gunicorn/arbiter.py", line 684, in spawn_worker
Apr  6 06:08:38 ip-172-31-13-3 web[4427]:    worker.init_process()
Apr  6 06:08:38 ip-172-31-13-3 web[4427]:    ~~~~~~~~~~~~~~~~~~~^^
Apr  6 06:08:38 ip-172-31-13-3 web[4427]:  File "/var/app/venv/staging-LQM1lest/lib64/python3.14/site-packages/gunicorn/workers/gthread.py", line 196, in init_process
Apr  6 06:08:38 ip-172-31-13-3 web[4427]:    super().init_process()
Apr  6 06:08:38 ip-172-31-13-3 web[4427]:    ~~~~~~~~~~~~~~~~~~~~^^
Apr  6 06:08:38 ip-172-31-13-3 web[4427]:  File "/var/app/venv/staging-LQM1lest/lib64/python3.14/site-packages/gunicorn/workers/base.py", line 136, in init_process
Apr  6 06:08:38 ip-172-31-13-3 web[4427]:    self.load_wsgi()
Apr  6 06:08:38 ip-172-31-13-3 web[4427]:    ~~~~~~~~~~~~~~^^
Apr  6 06:08:38 ip-172-31-13-3 web[4427]:  File "/var/app/venv/staging-LQM1lest/lib64/python3.14/site-packages/gunicorn/workers/base.py", line 148, in load_wsgi
Apr  6 06:08:38 ip-172-31-13-3 web[4427]:    self.wsgi = self.app.wsgi()
Apr  6 06:08:38 ip-172-31-13-3 web[4427]:                ~~~~~~~~~~~~~^^
Apr  6 06:08:38 ip-172-31-13-3 web[4427]:  File "/var/app/venv/staging-LQM1lest/lib64/python3.14/site-packages/gunicorn/app/base.py", line 66, in wsgi
Apr  6 06:08:38 ip-172-31-13-3 web[4427]:    self.callable = self.load()
Apr  6 06:08:38 ip-172-31-13-3 web[4427]:                    ~~~~~~~~~^^
Apr  6 06:08:38 ip-172-31-13-3 web[4427]:  File "/var/app/venv/staging-LQM1lest/lib64/python3.14/site-packages/gunicorn/app/wsgiapp.py", line 57, in load
Apr  6 06:08:38 ip-172-31-13-3 web[4427]:    return self.load_wsgiapp()
Apr  6 06:08:38 ip-172-31-13-3 web[4427]:           ~~~~~~~~~~~~~~~~~^^
Apr  6 06:08:38 ip-172-31-13-3 web[4427]:  File "/var/app/venv/staging-LQM1lest/lib64/python3.14/site-packages/gunicorn/app/wsgiapp.py", line 47, in load_wsgiapp
Apr  6 06:08:38 ip-172-31-13-3 web[4427]:    return util.import_app(self.app_uri)
Apr  6 06:08:38 ip-172-31-13-3 web[4427]:           ~~~~~~~~~~~~~~~^^^^^^^^^^^^^^
Apr  6 06:08:38 ip-172-31-13-3 web[4427]:  File "/var/app/venv/staging-LQM1lest/lib64/python3.14/site-packages/gunicorn/util.py", line 377, in import_app
Apr  6 06:08:38 ip-172-31-13-3 web[4427]:    mod = importlib.import_module(module)
Apr  6 06:08:38 ip-172-31-13-3 web[4427]:  File "/usr/lib64/python3.14/importlib/__init__.py", line 88, in import_module
Apr  6 06:08:38 ip-172-31-13-3 web[4427]:    return _bootstrap._gcd_import(name[level:], package, level)
Apr  6 06:08:38 ip-172-31-13-3 web[4427]:           ~~~~~~~~~~~~~~~~~~~~~~^^^^^^^^^^^^^^^^^^^^^^^^^^^^^^
Apr  6 06:08:38 ip-172-31-13-3 web[4427]:  File "<frozen importlib._bootstrap>", line 1398, in _gcd_import
Apr  6 06:08:38 ip-172-31-13-3 web[4427]:  File "<frozen importlib._bootstrap>", line 1371, in _find_and_load
Apr  6 06:08:38 ip-172-31-13-3 web[4427]:  File "<frozen importlib._bootstrap>", line 1335, in _find_and_load_unlocked
Apr  6 06:08:38 ip-172-31-13-3 web[4427]: ModuleNotFoundError: No module named 'application'
Apr  6 06:08:38 ip-172-31-13-3 web[4427]: No module named 'application'
Apr  6 06:08:38 ip-172-31-13-3 web[4427]: [2026-04-06 06:08:38 +0000] [4427] [INFO] Worker exiting (pid: 4427)
Apr  6 06:08:38 ip-172-31-13-3 web[4416]: [2026-04-06 06:08:38 +0000] [4416] [ERROR] Worker (pid:4427) exited with code 3.
Apr  6 06:08:38 ip-172-31-13-3 web[4416]: [2026-04-06 06:08:38 +0000] [4416] [ERROR] Shutting down: Master
Apr  6 06:08:38 ip-172-31-13-3 web[4416]: [2026-04-06 06:08:38 +0000] [4416] [ERROR] Reason: Worker failed to boot.
Apr  6 06:08:39 ip-172-31-13-3 web[4429]: [2026-04-06 06:08:39 +0000] [4429] [INFO] Starting gunicorn 25.0.3
Apr  6 06:08:39 ip-172-31-13-3 web[4429]: [2026-04-06 06:08:39 +0000] [4429] [INFO] Listening at: http://127.0.0.1:8000 (4429)
Apr  6 06:08:39 ip-172-31-13-3 web[4429]: [2026-04-06 06:08:39 +0000] [4429] [INFO] Using worker: gthread
Apr  6 06:08:39 ip-172-31-13-3 web[4433]: [2026-04-06 06:08:39 +0000] [4433] [INFO] Booting worker with pid: 4433
Apr  6 06:08:39 ip-172-31-13-3 web[4433]: [2026-04-06 06:08:39 +0000] [4433] [ERROR] Exception in worker process
Apr  6 06:08:39 ip-172-31-13-3 web[4433]: Traceback (most recent call last):
Apr  6 06:08:39 ip-172-31-13-3 web[4433]:  File "/var/app/venv/staging-LQM1lest/lib64/python3.14/site-packages/gunicorn/arbiter.py", line 684, in spawn_worker
Apr  6 06:08:39 ip-172-31-13-3 web[4433]:    worker.init_process()
Apr  6 06:08:39 ip-172-31-13-3 web[4433]:    ~~~~~~~~~~~~~~~~~~~^^
Apr  6 06:08:39 ip-172-31-13-3 web[4433]:  File "/var/app/venv/staging-LQM1lest/lib64/python3.14/site-packages/gunicorn/workers/gthread.py", line 196, in init_process
Apr  6 06:08:39 ip-172-31-13-3 web[4433]:    super().init_process()
Apr  6 06:08:39 ip-172-31-13-3 web[4433]:    ~~~~~~~~~~~~~~~~~~~~^^
Apr  6 06:08:39 ip-172-31-13-3 web[4433]:  File "/var/app/venv/staging-LQM1lest/lib64/python3.14/site-packages/gunicorn/workers/base.py", line 136, in init_process
Apr  6 06:08:39 ip-172-31-13-3 web[4433]:    self.load_wsgi()
Apr  6 06:08:39 ip-172-31-13-3 web[4433]:    ~~~~~~~~~~~~~~^^
Apr  6 06:08:39 ip-172-31-13-3 web[4433]:  File "/var/app/venv/staging-LQM1lest/lib64/python3.14/site-packages/gunicorn/workers/base.py", line 148, in load_wsgi
Apr  6 06:08:39 ip-172-31-13-3 web[4433]:    self.wsgi = self.app.wsgi()
Apr  6 06:08:39 ip-172-31-13-3 web[4433]:                ~~~~~~~~~~~~~^^
Apr  6 06:08:39 ip-172-31-13-3 web[4433]:  File "/var/app/venv/staging-LQM1lest/lib64/python3.14/site-packages/gunicorn/app/base.py", line 66, in wsgi
Apr  6 06:08:39 ip-172-31-13-3 web[4433]:    self.callable = self.load()
Apr  6 06:08:39 ip-172-31-13-3 web[4433]:                    ~~~~~~~~~^^
Apr  6 06:08:39 ip-172-31-13-3 web[4433]:  File "/var/app/venv/staging-LQM1lest/lib64/python3.14/site-packages/gunicorn/app/wsgiapp.py", line 57, in load
Apr  6 06:08:39 ip-172-31-13-3 web[4433]:    return self.load_wsgiapp()
Apr  6 06:08:39 ip-172-31-13-3 web[4433]:           ~~~~~~~~~~~~~~~~~^^
Apr  6 06:08:39 ip-172-31-13-3 web[4433]:  File "/var/app/venv/staging-LQM1lest/lib64/python3.14/site-packages/gunicorn/app/wsgiapp.py", line 47, in load_wsgiapp
Apr  6 06:08:39 ip-172-31-13-3 web[4433]:    return util.import_app(self.app_uri)
Apr  6 06:08:39 ip-172-31-13-3 web[4433]:           ~~~~~~~~~~~~~~~^^^^^^^^^^^^^^
Apr  6 06:08:39 ip-172-31-13-3 web[4433]:  File "/var/app/venv/staging-LQM1lest/lib64/python3.14/site-packages/gunicorn/util.py", line 377, in import_app
Apr  6 06:08:39 ip-172-31-13-3 web[4433]:    mod = importlib.import_module(module)
Apr  6 06:08:39 ip-172-31-13-3 web[4433]:  File "/usr/lib64/python3.14/importlib/__init__.py", line 88, in import_module
Apr  6 06:08:39 ip-172-31-13-3 web[4433]:    return _bootstrap._gcd_import(name[level:], package, level)
Apr  6 06:08:39 ip-172-31-13-3 web[4433]:           ~~~~~~~~~~~~~~~~~~~~~~^^^^^^^^^^^^^^^^^^^^^^^^^^^^^^
Apr  6 06:08:39 ip-172-31-13-3 web[4433]:  File "<frozen importlib._bootstrap>", line 1398, in _gcd_import
Apr  6 06:08:39 ip-172-31-13-3 web[4433]:  File "<frozen importlib._bootstrap>", line 1371, in _find_and_load
Apr  6 06:08:39 ip-172-31-13-3 web[4433]:  File "<frozen importlib._bootstrap>", line 1335, in _find_and_load_unlocked
Apr  6 06:08:39 ip-172-31-13-3 web[4433]: ModuleNotFoundError: No module named 'application'
Apr  6 06:08:39 ip-172-31-13-3 web[4433]: No module named 'application'
Apr  6 06:08:39 ip-172-31-13-3 web[4433]: [2026-04-06 06:08:39 +0000] [4433] [INFO] Worker exiting (pid: 4433)
Apr  6 06:08:39 ip-172-31-13-3 web[4429]: [2026-04-06 06:08:39 +0000] [4429] [ERROR] Worker (pid:4433) exited with code 3.
Apr  6 06:08:39 ip-172-31-13-3 web[4429]: [2026-04-06 06:08:39 +0000] [4429] [ERROR] Shutting down: Master
Apr  6 06:08:39 ip-172-31-13-3 web[4429]: [2026-04-06 06:08:39 +0000] [4429] [ERROR] Reason: Worker failed to boot.
Apr  6 06:08:39 ip-172-31-13-3 web[4435]: [2026-04-06 06:08:39 +0000] [4435] [INFO] Starting gunicorn 25.0.3
Apr  6 06:08:39 ip-172-31-13-3 web[4435]: [2026-04-06 06:08:39 +0000] [4435] [INFO] Listening at: http://127.0.0.1:8000 (4435)
Apr  6 06:08:39 ip-172-31-13-3 web[4435]: [2026-04-06 06:08:39 +0000] [4435] [INFO] Using worker: gthread
Apr  6 06:08:39 ip-172-31-13-3 web[4439]: [2026-04-06 06:08:39 +0000] [4439] [INFO] Booting worker with pid: 4439
Apr  6 06:08:39 ip-172-31-13-3 web[4439]: [2026-04-06 06:08:39 +0000] [4439] [ERROR] Exception in worker process
Apr  6 06:08:39 ip-172-31-13-3 web[4439]: Traceback (most recent call last):
Apr  6 06:08:39 ip-172-31-13-3 web[4439]:  File "/var/app/venv/staging-LQM1lest/lib64/python3.14/site-packages/gunicorn/arbiter.py", line 684, in spawn_worker
Apr  6 06:08:39 ip-172-31-13-3 web[4439]:    worker.init_process()
Apr  6 06:08:39 ip-172-31-13-3 web[4439]:    ~~~~~~~~~~~~~~~~~~~^^
Apr  6 06:08:39 ip-172-31-13-3 web[4439]:  File "/var/app/venv/staging-LQM1lest/lib64/python3.14/site-packages/gunicorn/workers/gthread.py", line 196, in init_process
Apr  6 06:08:39 ip-172-31-13-3 web[4439]:    super().init_process()
Apr  6 06:08:39 ip-172-31-13-3 web[4439]:    ~~~~~~~~~~~~~~~~~~~~^^
Apr  6 06:08:39 ip-172-31-13-3 web[4439]:  File "/var/app/venv/staging-LQM1lest/lib64/python3.14/site-packages/gunicorn/workers/base.py", line 136, in init_process
Apr  6 06:08:39 ip-172-31-13-3 web[4439]:    self.load_wsgi()
Apr  6 06:08:39 ip-172-31-13-3 web[4439]:    ~~~~~~~~~~~~~~^^
Apr  6 06:08:39 ip-172-31-13-3 web[4439]:  File "/var/app/venv/staging-LQM1lest/lib64/python3.14/site-packages/gunicorn/workers/base.py", line 148, in load_wsgi
Apr  6 06:08:39 ip-172-31-13-3 web[4439]:    self.wsgi = self.app.wsgi()
Apr  6 06:08:39 ip-172-31-13-3 web[4439]:                ~~~~~~~~~~~~~^^
Apr  6 06:08:39 ip-172-31-13-3 web[4439]:  File "/var/app/venv/staging-LQM1lest/lib64/python3.14/site-packages/gunicorn/app/base.py", line 66, in wsgi
Apr  6 06:08:39 ip-172-31-13-3 web[4439]:    self.callable = self.load()
Apr  6 06:08:39 ip-172-31-13-3 web[4439]:                    ~~~~~~~~~^^
Apr  6 06:08:39 ip-172-31-13-3 web[4439]:  File "/var/app/venv/staging-LQM1lest/lib64/python3.14/site-packages/gunicorn/app/wsgiapp.py", line 57, in load
Apr  6 06:08:39 ip-172-31-13-3 web[4439]:    return self.load_wsgiapp()
Apr  6 06:08:39 ip-172-31-13-3 web[4439]:           ~~~~~~~~~~~~~~~~~^^
Apr  6 06:08:39 ip-172-31-13-3 web[4439]:  File "/var/app/venv/staging-LQM1lest/lib64/python3.14/site-packages/gunicorn/app/wsgiapp.py", line 47, in load_wsgiapp
Apr  6 06:08:39 ip-172-31-13-3 web[4439]:    return util.import_app(self.app_uri)
Apr  6 06:08:39 ip-172-31-13-3 web[4439]:           ~~~~~~~~~~~~~~~^^^^^^^^^^^^^^
Apr  6 06:08:39 ip-172-31-13-3 web[4439]:  File "/var/app/venv/staging-LQM1lest/lib64/python3.14/site-packages/gunicorn/util.py", line 377, in import_app
Apr  6 06:08:39 ip-172-31-13-3 web[4439]:    mod = importlib.import_module(module)
Apr  6 06:08:39 ip-172-31-13-3 web[4439]:  File "/usr/lib64/python3.14/importlib/__init__.py", line 88, in import_module
Apr  6 06:08:39 ip-172-31-13-3 web[4439]:    return _bootstrap._gcd_import(name[level:], package, level)
Apr  6 06:08:39 ip-172-31-13-3 web[4439]:           ~~~~~~~~~~~~~~~~~~~~~~^^^^^^^^^^^^^^^^^^^^^^^^^^^^^^
Apr  6 06:08:39 ip-172-31-13-3 web[4439]:  File "<frozen importlib._bootstrap>", line 1398, in _gcd_import
Apr  6 06:08:39 ip-172-31-13-3 web[4439]:  File "<frozen importlib._bootstrap>", line 1371, in _find_and_load
Apr  6 06:08:39 ip-172-31-13-3 web[4439]:  File "<frozen importlib._bootstrap>", line 1335, in _find_and_load_unlocked
Apr  6 06:08:39 ip-172-31-13-3 web[4439]: ModuleNotFoundError: No module named 'application'
Apr  6 06:08:39 ip-172-31-13-3 web[4439]: No module named 'application'
Apr  6 06:08:39 ip-172-31-13-3 web[4439]: [2026-04-06 06:08:39 +0000] [4439] [INFO] Worker exiting (pid: 4439)
Apr  6 06:08:39 ip-172-31-13-3 web[4435]: [2026-04-06 06:08:39 +0000] [4435] [ERROR] Worker (pid:4439) exited with code 3.
Apr  6 06:08:39 ip-172-31-13-3 web[4435]: [2026-04-06 06:08:39 +0000] [4435] [ERROR] Shutting down: Master
Apr  6 06:08:39 ip-172-31-13-3 web[4435]: [2026-04-06 06:08:39 +0000] [4435] [ERROR] Reason: Worker failed to boot.
Apr  6 06:08:40 ip-172-31-13-3 web[4441]: [2026-04-06 06:08:40 +0000] [4441] [INFO] Starting gunicorn 25.0.3
Apr  6 06:08:40 ip-172-31-13-3 web[4441]: [2026-04-06 06:08:40 +0000] [4441] [INFO] Listening at: http://127.0.0.1:8000 (4441)
Apr  6 06:08:40 ip-172-31-13-3 web[4441]: [2026-04-06 06:08:40 +0000] [4441] [INFO] Using worker: gthread
Apr  6 06:08:40 ip-172-31-13-3 web[4445]: [2026-04-06 06:08:40 +0000] [4445] [INFO] Booting worker with pid: 4445
Apr  6 06:08:40 ip-172-31-13-3 web[4445]: [2026-04-06 06:08:40 +0000] [4445] [ERROR] Exception in worker process
Apr  6 06:08:40 ip-172-31-13-3 web[4445]: Traceback (most recent call last):
Apr  6 06:08:40 ip-172-31-13-3 web[4445]:  File "/var/app/venv/staging-LQM1lest/lib64/python3.14/site-packages/gunicorn/arbiter.py", line 684, in spawn_worker
Apr  6 06:08:40 ip-172-31-13-3 web[4445]:    worker.init_process()
Apr  6 06:08:40 ip-172-31-13-3 web[4445]:    ~~~~~~~~~~~~~~~~~~~^^
Apr  6 06:08:40 ip-172-31-13-3 web[4445]:  File "/var/app/venv/staging-LQM1lest/lib64/python3.14/site-packages/gunicorn/workers/gthread.py", line 196, in init_process
Apr  6 06:08:40 ip-172-31-13-3 web[4445]:    super().init_process()
Apr  6 06:08:40 ip-172-31-13-3 web[4445]:    ~~~~~~~~~~~~~~~~~~~~^^
Apr  6 06:08:40 ip-172-31-13-3 web[4445]:  File "/var/app/venv/staging-LQM1lest/lib64/python3.14/site-packages/gunicorn/workers/base.py", line 136, in init_process
Apr  6 06:08:40 ip-172-31-13-3 web[4445]:    self.load_wsgi()
Apr  6 06:08:40 ip-172-31-13-3 web[4445]:    ~~~~~~~~~~~~~~^^
Apr  6 06:08:40 ip-172-31-13-3 web[4445]:  File "/var/app/venv/staging-LQM1lest/lib64/python3.14/site-packages/gunicorn/workers/base.py", line 148, in load_wsgi
Apr  6 06:08:40 ip-172-31-13-3 web[4445]:    self.wsgi = self.app.wsgi()
Apr  6 06:08:40 ip-172-31-13-3 web[4445]:                ~~~~~~~~~~~~~^^
Apr  6 06:08:40 ip-172-31-13-3 web[4445]:  File "/var/app/venv/staging-LQM1lest/lib64/python3.14/site-packages/gunicorn/app/base.py", line 66, in wsgi
Apr  6 06:08:40 ip-172-31-13-3 web[4445]:    self.callable = self.load()
Apr  6 06:08:40 ip-172-31-13-3 web[4445]:                    ~~~~~~~~~^^
Apr  6 06:08:40 ip-172-31-13-3 web[4445]:  File "/var/app/venv/staging-LQM1lest/lib64/python3.14/site-packages/gunicorn/app/wsgiapp.py", line 57, in load
Apr  6 06:08:40 ip-172-31-13-3 web[4445]:    return self.load_wsgiapp()
Apr  6 06:08:40 ip-172-31-13-3 web[4445]:           ~~~~~~~~~~~~~~~~~^^
Apr  6 06:08:40 ip-172-31-13-3 web[4445]:  File "/var/app/venv/staging-LQM1lest/lib64/python3.14/site-packages/gunicorn/app/wsgiapp.py", line 47, in load_wsgiapp
Apr  6 06:08:40 ip-172-31-13-3 web[4445]:    return util.import_app(self.app_uri)
Apr  6 06:08:40 ip-172-31-13-3 web[4445]:           ~~~~~~~~~~~~~~~^^^^^^^^^^^^^^
Apr  6 06:08:40 ip-172-31-13-3 web[4445]:  File "/var/app/venv/staging-LQM1lest/lib64/python3.14/site-packages/gunicorn/util.py", line 377, in import_app
Apr  6 06:08:40 ip-172-31-13-3 web[4445]:    mod = importlib.import_module(module)
Apr  6 06:08:40 ip-172-31-13-3 web[4445]:  File "/usr/lib64/python3.14/importlib/__init__.py", line 88, in import_module
Apr  6 06:08:40 ip-172-31-13-3 web[4445]:    return _bootstrap._gcd_import(name[level:], package, level)
Apr  6 06:08:40 ip-172-31-13-3 web[4445]:           ~~~~~~~~~~~~~~~~~~~~~~^^^^^^^^^^^^^^^^^^^^^^^^^^^^^^
Apr  6 06:08:40 ip-172-31-13-3 web[4445]:  File "<frozen importlib._bootstrap>", line 1398, in _gcd_import
Apr  6 06:08:40 ip-172-31-13-3 web[4445]:  File "<frozen importlib._bootstrap>", line 1371, in _find_and_load
Apr  6 06:08:40 ip-172-31-13-3 web[4445]:  File "<frozen importlib._bootstrap>", line 1335, in _find_and_load_unlocked
Apr  6 06:08:40 ip-172-31-13-3 web[4445]: ModuleNotFoundError: No module named 'application'
Apr  6 06:08:40 ip-172-31-13-3 web[4445]: No module named 'application'
Apr  6 06:08:40 ip-172-31-13-3 web[4445]: [2026-04-06 06:08:40 +0000] [4445] [INFO] Worker exiting (pid: 4445)
Apr  6 06:08:40 ip-172-31-13-3 web[4441]: [2026-04-06 06:08:40 +0000] [4441] [ERROR] Worker (pid:4445) exited with code 3.
Apr  6 06:08:40 ip-172-31-13-3 web[4441]: [2026-04-06 06:08:40 +0000] [4441] [ERROR] Shutting down: Master
Apr  6 06:08:40 ip-172-31-13-3 web[4441]: [2026-04-06 06:08:40 +0000] [4441] [ERROR] Reason: Worker failed to boot.
Apr  6 06:08:40 ip-172-31-13-3 web[4495]: [2026-04-06 06:08:40 +0000] [4495] [INFO] Starting gunicorn 25.0.3
Apr  6 06:08:40 ip-172-31-13-3 web[4495]: [2026-04-06 06:08:40 +0000] [4495] [INFO] Listening at: http://127.0.0.1:8000 (4495)
Apr  6 06:08:40 ip-172-31-13-3 web[4495]: [2026-04-06 06:08:40 +0000] [4495] [INFO] Using worker: gthread
Apr  6 06:08:40 ip-172-31-13-3 web[4500]: [2026-04-06 06:08:40 +0000] [4500] [INFO] Booting worker with pid: 4500
Apr  6 06:08:40 ip-172-31-13-3 web[4500]: [2026-04-06 06:08:40 +0000] [4500] [ERROR] Exception in worker process
Apr  6 06:08:40 ip-172-31-13-3 web[4500]: Traceback (most recent call last):
Apr  6 06:08:40 ip-172-31-13-3 web[4500]:  File "/var/app/venv/staging-LQM1lest/lib64/python3.14/site-packages/gunicorn/arbiter.py", line 684, in spawn_worker
Apr  6 06:08:40 ip-172-31-13-3 web[4500]:    worker.init_process()
Apr  6 06:08:40 ip-172-31-13-3 web[4500]:    ~~~~~~~~~~~~~~~~~~~^^
Apr  6 06:08:40 ip-172-31-13-3 web[4500]:  File "/var/app/venv/staging-LQM1lest/lib64/python3.14/site-packages/gunicorn/workers/gthread.py", line 196, in init_process
Apr  6 06:08:40 ip-172-31-13-3 web[4500]:    super().init_process()
Apr  6 06:08:40 ip-172-31-13-3 web[4500]:    ~~~~~~~~~~~~~~~~~~~~^^
Apr  6 06:08:40 ip-172-31-13-3 web[4500]:  File "/var/app/venv/staging-LQM1lest/lib64/python3.14/site-packages/gunicorn/workers/base.py", line 136, in init_process
Apr  6 06:08:40 ip-172-31-13-3 web[4500]:    self.load_wsgi()
Apr  6 06:08:40 ip-172-31-13-3 web[4500]:    ~~~~~~~~~~~~~~^^
Apr  6 06:08:40 ip-172-31-13-3 web[4500]:  File "/var/app/venv/staging-LQM1lest/lib64/python3.14/site-packages/gunicorn/workers/base.py", line 148, in load_wsgi
Apr  6 06:08:40 ip-172-31-13-3 web[4500]:    self.wsgi = self.app.wsgi()
Apr  6 06:08:40 ip-172-31-13-3 web[4500]:                ~~~~~~~~~~~~~^^
Apr  6 06:08:40 ip-172-31-13-3 web[4500]:  File "/var/app/venv/staging-LQM1lest/lib64/python3.14/site-packages/gunicorn/app/base.py", line 66, in wsgi
Apr  6 06:08:40 ip-172-31-13-3 web[4500]:    self.callable = self.load()
Apr  6 06:08:40 ip-172-31-13-3 web[4500]:                    ~~~~~~~~~^^
Apr  6 06:08:40 ip-172-31-13-3 web[4500]:  File "/var/app/venv/staging-LQM1lest/lib64/python3.14/site-packages/gunicorn/app/wsgiapp.py", line 57, in load
Apr  6 06:08:40 ip-172-31-13-3 web[4500]:    return self.load_wsgiapp()
Apr  6 06:08:40 ip-172-31-13-3 web[4500]:           ~~~~~~~~~~~~~~~~~^^
Apr  6 06:08:40 ip-172-31-13-3 web[4500]:  File "/var/app/venv/staging-LQM1lest/lib64/python3.14/site-packages/gunicorn/app/wsgiapp.py", line 47, in load_wsgiapp
Apr  6 06:08:40 ip-172-31-13-3 web[4500]:    return util.import_app(self.app_uri)
Apr  6 06:08:40 ip-172-31-13-3 web[4500]:           ~~~~~~~~~~~~~~~^^^^^^^^^^^^^^
Apr  6 06:08:40 ip-172-31-13-3 web[4500]:  File "/var/app/venv/staging-LQM1lest/lib64/python3.14/site-packages/gunicorn/util.py", line 377, in import_app
Apr  6 06:08:40 ip-172-31-13-3 web[4500]:    mod = importlib.import_module(module)
Apr  6 06:08:40 ip-172-31-13-3 web[4500]:  File "/usr/lib64/python3.14/importlib/__init__.py", line 88, in import_module
Apr  6 06:08:40 ip-172-31-13-3 web[4500]:    return _bootstrap._gcd_import(name[level:], package, level)
Apr  6 06:08:40 ip-172-31-13-3 web[4500]:           ~~~~~~~~~~~~~~~~~~~~~~^^^^^^^^^^^^^^^^^^^^^^^^^^^^^^
Apr  6 06:08:40 ip-172-31-13-3 web[4500]:  File "<frozen importlib._bootstrap>", line 1398, in _gcd_import
Apr  6 06:08:40 ip-172-31-13-3 web[4500]:  File "<frozen importlib._bootstrap>", line 1371, in _find_and_load
Apr  6 06:08:40 ip-172-31-13-3 web[4500]:  File "<frozen importlib._bootstrap>", line 1335, in _find_and_load_unlocked
Apr  6 06:08:40 ip-172-31-13-3 web[4500]: ModuleNotFoundError: No module named 'application'
Apr  6 06:08:40 ip-172-31-13-3 web[4500]: No module named 'application'
Apr  6 06:08:40 ip-172-31-13-3 web[4500]: [2026-04-06 06:08:40 +0000] [4500] [INFO] Worker exiting (pid: 4500)
Apr  6 06:08:40 ip-172-31-13-3 web[4495]: [2026-04-06 06:08:40 +0000] [4495] [ERROR] Worker (pid:4500) exited with code 3.
Apr  6 06:08:40 ip-172-31-13-3 web[4495]: [2026-04-06 06:08:40 +0000] [4495] [ERROR] Shutting down: Master
Apr  6 06:08:40 ip-172-31-13-3 web[4495]: [2026-04-06 06:08:40 +0000] [4495] [ERROR] Reason: Worker failed to boot.
Apr  6 06:19:42 ip-172-31-13-3 web[5272]: [2026-04-06 06:19:42 +0000] [5272] [INFO] Starting gunicorn 25.0.3
Apr  6 06:19:42 ip-172-31-13-3 web[5272]: [2026-04-06 06:19:42 +0000] [5272] [INFO] Listening at: http://127.0.0.1:8000 (5272)
Apr  6 06:19:42 ip-172-31-13-3 web[5272]: [2026-04-06 06:19:42 +0000] [5272] [INFO] Using worker: gthread
Apr  6 06:19:42 ip-172-31-13-3 web[5276]: [2026-04-06 06:19:42 +0000] [5276] [INFO] Booting worker with pid: 5276
Apr  6 06:19:42 ip-172-31-13-3 web[5276]: [2026-04-06 06:19:42 +0000] [5276] [ERROR] Exception in worker process
Apr  6 06:19:42 ip-172-31-13-3 web[5276]: Traceback (most recent call last):
Apr  6 06:19:42 ip-172-31-13-3 web[5276]:  File "/var/app/venv/staging-LQM1lest/lib64/python3.14/site-packages/gunicorn/arbiter.py", line 684, in spawn_worker
Apr  6 06:19:42 ip-172-31-13-3 web[5276]:    worker.init_process()
Apr  6 06:19:42 ip-172-31-13-3 web[5276]:    ~~~~~~~~~~~~~~~~~~~^^
Apr  6 06:19:42 ip-172-31-13-3 web[5276]:  File "/var/app/venv/staging-LQM1lest/lib64/python3.14/site-packages/gunicorn/workers/gthread.py", line 196, in init_process
Apr  6 06:19:42 ip-172-31-13-3 web[5276]:    super().init_process()
Apr  6 06:19:42 ip-172-31-13-3 web[5276]:    ~~~~~~~~~~~~~~~~~~~~^^
Apr  6 06:19:42 ip-172-31-13-3 web[5276]:  File "/var/app/venv/staging-LQM1lest/lib64/python3.14/site-packages/gunicorn/workers/base.py", line 136, in init_process
Apr  6 06:19:42 ip-172-31-13-3 web[5276]:    self.load_wsgi()
Apr  6 06:19:42 ip-172-31-13-3 web[5276]:    ~~~~~~~~~~~~~~^^
Apr  6 06:19:42 ip-172-31-13-3 web[5276]:  File "/var/app/venv/staging-LQM1lest/lib64/python3.14/site-packages/gunicorn/workers/base.py", line 148, in load_wsgi
Apr  6 06:19:42 ip-172-31-13-3 web[5276]:    self.wsgi = self.app.wsgi()
Apr  6 06:19:42 ip-172-31-13-3 web[5276]:                ~~~~~~~~~~~~~^^
Apr  6 06:19:42 ip-172-31-13-3 web[5276]:  File "/var/app/venv/staging-LQM1lest/lib64/python3.14/site-packages/gunicorn/app/base.py", line 66, in wsgi
Apr  6 06:19:42 ip-172-31-13-3 web[5276]:    self.callable = self.load()
Apr  6 06:19:42 ip-172-31-13-3 web[5276]:                    ~~~~~~~~~^^
Apr  6 06:19:42 ip-172-31-13-3 web[5276]:  File "/var/app/venv/staging-LQM1lest/lib64/python3.14/site-packages/gunicorn/app/wsgiapp.py", line 57, in load
Apr  6 06:19:42 ip-172-31-13-3 web[5276]:    return self.load_wsgiapp()
Apr  6 06:19:42 ip-172-31-13-3 web[5276]:           ~~~~~~~~~~~~~~~~~^^
Apr  6 06:19:42 ip-172-31-13-3 web[5276]:  File "/var/app/venv/staging-LQM1lest/lib64/python3.14/site-packages/gunicorn/app/wsgiapp.py", line 47, in load_wsgiapp
Apr  6 06:19:42 ip-172-31-13-3 web[5276]:    return util.import_app(self.app_uri)
Apr  6 06:19:42 ip-172-31-13-3 web[5276]:           ~~~~~~~~~~~~~~~^^^^^^^^^^^^^^
Apr  6 06:19:42 ip-172-31-13-3 web[5276]:  File "/var/app/venv/staging-LQM1lest/lib64/python3.14/site-packages/gunicorn/util.py", line 377, in import_app
Apr  6 06:19:42 ip-172-31-13-3 web[5276]:    mod = importlib.import_module(module)
Apr  6 06:19:42 ip-172-31-13-3 web[5276]:  File "/usr/lib64/python3.14/importlib/__init__.py", line 88, in import_module
Apr  6 06:19:42 ip-172-31-13-3 web[5276]:    return _bootstrap._gcd_import(name[level:], package, level)
Apr  6 06:19:42 ip-172-31-13-3 web[5276]:           ~~~~~~~~~~~~~~~~~~~~~~^^^^^^^^^^^^^^^^^^^^^^^^^^^^^^
Apr  6 06:19:42 ip-172-31-13-3 web[5276]:  File "<frozen importlib._bootstrap>", line 1398, in _gcd_import
Apr  6 06:19:42 ip-172-31-13-3 web[5276]:  File "<frozen importlib._bootstrap>", line 1371, in _find_and_load
Apr  6 06:19:42 ip-172-31-13-3 web[5276]:  File "<frozen importlib._bootstrap>", line 1335, in _find_and_load_unlocked
Apr  6 06:19:42 ip-172-31-13-3 web[5276]: ModuleNotFoundError: No module named 'application'
Apr  6 06:19:42 ip-172-31-13-3 web[5276]: No module named 'application'
Apr  6 06:19:42 ip-172-31-13-3 web[5276]: [2026-04-06 06:19:42 +0000] [5276] [INFO] Worker exiting (pid: 5276)
Apr  6 06:19:42 ip-172-31-13-3 web[5272]: [2026-04-06 06:19:42 +0000] [5272] [ERROR] Worker (pid:5276) exited with code 3.
Apr  6 06:19:42 ip-172-31-13-3 web[5272]: [2026-04-06 06:19:42 +0000] [5272] [ERROR] Shutting down: Master
Apr  6 06:19:42 ip-172-31-13-3 web[5272]: [2026-04-06 06:19:42 +0000] [5272] [ERROR] Reason: Worker failed to boot.
Apr  6 06:19:42 ip-172-31-13-3 web[5278]: [2026-04-06 06:19:42 +0000] [5278] [INFO] Starting gunicorn 25.0.3
Apr  6 06:19:42 ip-172-31-13-3 web[5278]: [2026-04-06 06:19:42 +0000] [5278] [INFO] Listening at: http://127.0.0.1:8000 (5278)
Apr  6 06:19:42 ip-172-31-13-3 web[5278]: [2026-04-06 06:19:42 +0000] [5278] [INFO] Using worker: gthread
Apr  6 06:19:42 ip-172-31-13-3 web[5282]: [2026-04-06 06:19:42 +0000] [5282] [INFO] Booting worker with pid: 5282
Apr  6 06:19:42 ip-172-31-13-3 web[5282]: [2026-04-06 06:19:42 +0000] [5282] [ERROR] Exception in worker process
Apr  6 06:19:42 ip-172-31-13-3 web[5282]: Traceback (most recent call last):
Apr  6 06:19:42 ip-172-31-13-3 web[5282]:  File "/var/app/venv/staging-LQM1lest/lib64/python3.14/site-packages/gunicorn/arbiter.py", line 684, in spawn_worker
Apr  6 06:19:42 ip-172-31-13-3 web[5282]:    worker.init_process()
Apr  6 06:19:42 ip-172-31-13-3 web[5282]:    ~~~~~~~~~~~~~~~~~~~^^
Apr  6 06:19:42 ip-172-31-13-3 web[5282]:  File "/var/app/venv/staging-LQM1lest/lib64/python3.14/site-packages/gunicorn/workers/gthread.py", line 196, in init_process
Apr  6 06:19:42 ip-172-31-13-3 web[5282]:    super().init_process()
Apr  6 06:19:42 ip-172-31-13-3 web[5282]:    ~~~~~~~~~~~~~~~~~~~~^^
Apr  6 06:19:42 ip-172-31-13-3 web[5282]:  File "/var/app/venv/staging-LQM1lest/lib64/python3.14/site-packages/gunicorn/workers/base.py", line 136, in init_process
Apr  6 06:19:42 ip-172-31-13-3 web[5282]:    self.load_wsgi()
Apr  6 06:19:42 ip-172-31-13-3 web[5282]:    ~~~~~~~~~~~~~~^^
Apr  6 06:19:42 ip-172-31-13-3 web[5282]:  File "/var/app/venv/staging-LQM1lest/lib64/python3.14/site-packages/gunicorn/workers/base.py", line 148, in load_wsgi
Apr  6 06:19:42 ip-172-31-13-3 web[5282]:    self.wsgi = self.app.wsgi()
Apr  6 06:19:42 ip-172-31-13-3 web[5282]:                ~~~~~~~~~~~~~^^
Apr  6 06:19:42 ip-172-31-13-3 web[5282]:  File "/var/app/venv/staging-LQM1lest/lib64/python3.14/site-packages/gunicorn/app/base.py", line 66, in wsgi
Apr  6 06:19:42 ip-172-31-13-3 web[5282]:    self.callable = self.load()
Apr  6 06:19:42 ip-172-31-13-3 web[5282]:                    ~~~~~~~~~^^
Apr  6 06:19:42 ip-172-31-13-3 web[5282]:  File "/var/app/venv/staging-LQM1lest/lib64/python3.14/site-packages/gunicorn/app/wsgiapp.py", line 57, in load
Apr  6 06:19:42 ip-172-31-13-3 web[5282]:    return self.load_wsgiapp()
Apr  6 06:19:42 ip-172-31-13-3 web[5282]:           ~~~~~~~~~~~~~~~~~^^
Apr  6 06:19:42 ip-172-31-13-3 web[5282]:  File "/var/app/venv/staging-LQM1lest/lib64/python3.14/site-packages/gunicorn/app/wsgiapp.py", line 47, in load_wsgiapp
Apr  6 06:19:42 ip-172-31-13-3 web[5282]:    return util.import_app(self.app_uri)
Apr  6 06:19:42 ip-172-31-13-3 web[5282]:           ~~~~~~~~~~~~~~~^^^^^^^^^^^^^^
Apr  6 06:19:42 ip-172-31-13-3 web[5282]:  File "/var/app/venv/staging-LQM1lest/lib64/python3.14/site-packages/gunicorn/util.py", line 377, in import_app
Apr  6 06:19:42 ip-172-31-13-3 web[5282]:    mod = importlib.import_module(module)
Apr  6 06:19:42 ip-172-31-13-3 web[5282]:  File "/usr/lib64/python3.14/importlib/__init__.py", line 88, in import_module
Apr  6 06:19:42 ip-172-31-13-3 web[5282]:    return _bootstrap._gcd_import(name[level:], package, level)
Apr  6 06:19:42 ip-172-31-13-3 web[5282]:           ~~~~~~~~~~~~~~~~~~~~~~^^^^^^^^^^^^^^^^^^^^^^^^^^^^^^
Apr  6 06:19:42 ip-172-31-13-3 web[5282]:  File "<frozen importlib._bootstrap>", line 1398, in _gcd_import
Apr  6 06:19:42 ip-172-31-13-3 web[5282]:  File "<frozen importlib._bootstrap>", line 1371, in _find_and_load
Apr  6 06:19:42 ip-172-31-13-3 web[5282]:  File "<frozen importlib._bootstrap>", line 1335, in _find_and_load_unlocked
Apr  6 06:19:42 ip-172-31-13-3 web[5282]: ModuleNotFoundError: No module named 'application'
Apr  6 06:19:42 ip-172-31-13-3 web[5282]: No module named 'application'
Apr  6 06:19:42 ip-172-31-13-3 web[5282]: [2026-04-06 06:19:42 +0000] [5282] [INFO] Worker exiting (pid: 5282)
Apr  6 06:19:42 ip-172-31-13-3 web[5278]: [2026-04-06 06:19:42 +0000] [5278] [ERROR] Worker (pid:5282) exited with code 3.
Apr  6 06:19:42 ip-172-31-13-3 web[5278]: [2026-04-06 06:19:42 +0000] [5278] [ERROR] Shutting down: Master
Apr  6 06:19:42 ip-172-31-13-3 web[5278]: [2026-04-06 06:19:42 +0000] [5278] [ERROR] Reason: Worker failed to boot.
Apr  6 06:19:43 ip-172-31-13-3 web[5284]: [2026-04-06 06:19:43 +0000] [5284] [INFO] Starting gunicorn 25.0.3
Apr  6 06:19:43 ip-172-31-13-3 web[5284]: [2026-04-06 06:19:43 +0000] [5284] [INFO] Listening at: http://127.0.0.1:8000 (5284)
Apr  6 06:19:43 ip-172-31-13-3 web[5284]: [2026-04-06 06:19:43 +0000] [5284] [INFO] Using worker: gthread
Apr  6 06:19:43 ip-172-31-13-3 web[5288]: [2026-04-06 06:19:43 +0000] [5288] [INFO] Booting worker with pid: 5288
Apr  6 06:19:43 ip-172-31-13-3 web[5288]: [2026-04-06 06:19:43 +0000] [5288] [ERROR] Exception in worker process
Apr  6 06:19:43 ip-172-31-13-3 web[5288]: Traceback (most recent call last):
Apr  6 06:19:43 ip-172-31-13-3 web[5288]:  File "/var/app/venv/staging-LQM1lest/lib64/python3.14/site-packages/gunicorn/arbiter.py", line 684, in spawn_worker
Apr  6 06:19:43 ip-172-31-13-3 web[5288]:    worker.init_process()
Apr  6 06:19:43 ip-172-31-13-3 web[5288]:    ~~~~~~~~~~~~~~~~~~~^^
Apr  6 06:19:43 ip-172-31-13-3 web[5288]:  File "/var/app/venv/staging-LQM1lest/lib64/python3.14/site-packages/gunicorn/workers/gthread.py", line 196, in init_process
Apr  6 06:19:43 ip-172-31-13-3 web[5288]:    super().init_process()
Apr  6 06:19:43 ip-172-31-13-3 web[5288]:    ~~~~~~~~~~~~~~~~~~~~^^
Apr  6 06:19:43 ip-172-31-13-3 web[5288]:  File "/var/app/venv/staging-LQM1lest/lib64/python3.14/site-packages/gunicorn/workers/base.py", line 136, in init_process
Apr  6 06:19:43 ip-172-31-13-3 web[5288]:    self.load_wsgi()
Apr  6 06:19:43 ip-172-31-13-3 web[5288]:    ~~~~~~~~~~~~~~^^
Apr  6 06:19:43 ip-172-31-13-3 web[5288]:  File "/var/app/venv/staging-LQM1lest/lib64/python3.14/site-packages/gunicorn/workers/base.py", line 148, in load_wsgi
Apr  6 06:19:43 ip-172-31-13-3 web[5288]:    self.wsgi = self.app.wsgi()
Apr  6 06:19:43 ip-172-31-13-3 web[5288]:                ~~~~~~~~~~~~~^^
Apr  6 06:19:43 ip-172-31-13-3 web[5288]:  File "/var/app/venv/staging-LQM1lest/lib64/python3.14/site-packages/gunicorn/app/base.py", line 66, in wsgi
Apr  6 06:19:43 ip-172-31-13-3 web[5288]:    self.callable = self.load()
Apr  6 06:19:43 ip-172-31-13-3 web[5288]:                    ~~~~~~~~~^^
Apr  6 06:19:43 ip-172-31-13-3 web[5288]:  File "/var/app/venv/staging-LQM1lest/lib64/python3.14/site-packages/gunicorn/app/wsgiapp.py", line 57, in load
Apr  6 06:19:43 ip-172-31-13-3 web[5288]:    return self.load_wsgiapp()
Apr  6 06:19:43 ip-172-31-13-3 web[5288]:           ~~~~~~~~~~~~~~~~~^^
Apr  6 06:19:43 ip-172-31-13-3 web[5288]:  File "/var/app/venv/staging-LQM1lest/lib64/python3.14/site-packages/gunicorn/app/wsgiapp.py", line 47, in load_wsgiapp
Apr  6 06:19:43 ip-172-31-13-3 web[5288]:    return util.import_app(self.app_uri)
Apr  6 06:19:43 ip-172-31-13-3 web[5288]:           ~~~~~~~~~~~~~~~^^^^^^^^^^^^^^
Apr  6 06:19:43 ip-172-31-13-3 web[5288]:  File "/var/app/venv/staging-LQM1lest/lib64/python3.14/site-packages/gunicorn/util.py", line 377, in import_app
Apr  6 06:19:43 ip-172-31-13-3 web[5288]:    mod = importlib.import_module(module)
Apr  6 06:19:43 ip-172-31-13-3 web[5288]:  File "/usr/lib64/python3.14/importlib/__init__.py", line 88, in import_module
Apr  6 06:19:43 ip-172-31-13-3 web[5288]:    return _bootstrap._gcd_import(name[level:], package, level)
Apr  6 06:19:43 ip-172-31-13-3 web[5288]:           ~~~~~~~~~~~~~~~~~~~~~~^^^^^^^^^^^^^^^^^^^^^^^^^^^^^^
Apr  6 06:19:43 ip-172-31-13-3 web[5288]:  File "<frozen importlib._bootstrap>", line 1398, in _gcd_import
Apr  6 06:19:43 ip-172-31-13-3 web[5288]:  File "<frozen importlib._bootstrap>", line 1371, in _find_and_load
Apr  6 06:19:43 ip-172-31-13-3 web[5288]:  File "<frozen importlib._bootstrap>", line 1335, in _find_and_load_unlocked
Apr  6 06:19:43 ip-172-31-13-3 web[5288]: ModuleNotFoundError: No module named 'application'
Apr  6 06:19:43 ip-172-31-13-3 web[5288]: No module named 'application'
Apr  6 06:19:43 ip-172-31-13-3 web[5288]: [2026-04-06 06:19:43 +0000] [5288] [INFO] Worker exiting (pid: 5288)
Apr  6 06:19:43 ip-172-31-13-3 web[5284]: [2026-04-06 06:19:43 +0000] [5284] [ERROR] Worker (pid:5288) exited with code 3.
Apr  6 06:19:43 ip-172-31-13-3 web[5284]: [2026-04-06 06:19:43 +0000] [5284] [ERROR] Shutting down: Master
Apr  6 06:19:43 ip-172-31-13-3 web[5284]: [2026-04-06 06:19:43 +0000] [5284] [ERROR] Reason: Worker failed to boot.
Apr  6 06:19:43 ip-172-31-13-3 web[5290]: [2026-04-06 06:19:43 +0000] [5290] [INFO] Starting gunicorn 25.0.3
Apr  6 06:19:43 ip-172-31-13-3 web[5290]: [2026-04-06 06:19:43 +0000] [5290] [INFO] Listening at: http://127.0.0.1:8000 (5290)
Apr  6 06:19:43 ip-172-31-13-3 web[5290]: [2026-04-06 06:19:43 +0000] [5290] [INFO] Using worker: gthread
Apr  6 06:19:43 ip-172-31-13-3 web[5294]: [2026-04-06 06:19:43 +0000] [5294] [INFO] Booting worker with pid: 5294
Apr  6 06:19:43 ip-172-31-13-3 web[5294]: [2026-04-06 06:19:43 +0000] [5294] [ERROR] Exception in worker process
Apr  6 06:19:43 ip-172-31-13-3 web[5294]: Traceback (most recent call last):
Apr  6 06:19:43 ip-172-31-13-3 web[5294]:  File "/var/app/venv/staging-LQM1lest/lib64/python3.14/site-packages/gunicorn/arbiter.py", line 684, in spawn_worker
Apr  6 06:19:43 ip-172-31-13-3 web[5294]:    worker.init_process()
Apr  6 06:19:43 ip-172-31-13-3 web[5294]:    ~~~~~~~~~~~~~~~~~~~^^
Apr  6 06:19:43 ip-172-31-13-3 web[5294]:  File "/var/app/venv/staging-LQM1lest/lib64/python3.14/site-packages/gunicorn/workers/gthread.py", line 196, in init_process
Apr  6 06:19:43 ip-172-31-13-3 web[5294]:    super().init_process()
Apr  6 06:19:43 ip-172-31-13-3 web[5294]:    ~~~~~~~~~~~~~~~~~~~~^^
Apr  6 06:19:43 ip-172-31-13-3 web[5294]:  File "/var/app/venv/staging-LQM1lest/lib64/python3.14/site-packages/gunicorn/workers/base.py", line 136, in init_process
Apr  6 06:19:43 ip-172-31-13-3 web[5294]:    self.load_wsgi()
Apr  6 06:19:43 ip-172-31-13-3 web[5294]:    ~~~~~~~~~~~~~~^^
Apr  6 06:19:43 ip-172-31-13-3 web[5294]:  File "/var/app/venv/staging-LQM1lest/lib64/python3.14/site-packages/gunicorn/workers/base.py", line 148, in load_wsgi
Apr  6 06:19:43 ip-172-31-13-3 web[5294]:    self.wsgi = self.app.wsgi()
Apr  6 06:19:43 ip-172-31-13-3 web[5294]:                ~~~~~~~~~~~~~^^
Apr  6 06:19:43 ip-172-31-13-3 web[5294]:  File "/var/app/venv/staging-LQM1lest/lib64/python3.14/site-packages/gunicorn/app/base.py", line 66, in wsgi
Apr  6 06:19:43 ip-172-31-13-3 web[5294]:    self.callable = self.load()
Apr  6 06:19:43 ip-172-31-13-3 web[5294]:                    ~~~~~~~~~^^
Apr  6 06:19:43 ip-172-31-13-3 web[5294]:  File "/var/app/venv/staging-LQM1lest/lib64/python3.14/site-packages/gunicorn/app/wsgiapp.py", line 57, in load
Apr  6 06:19:43 ip-172-31-13-3 web[5294]:    return self.load_wsgiapp()
Apr  6 06:19:43 ip-172-31-13-3 web[5294]:           ~~~~~~~~~~~~~~~~~^^
Apr  6 06:19:43 ip-172-31-13-3 web[5294]:  File "/var/app/venv/staging-LQM1lest/lib64/python3.14/site-packages/gunicorn/app/wsgiapp.py", line 47, in load_wsgiapp
Apr  6 06:19:43 ip-172-31-13-3 web[5294]:    return util.import_app(self.app_uri)
Apr  6 06:19:43 ip-172-31-13-3 web[5294]:           ~~~~~~~~~~~~~~~^^^^^^^^^^^^^^
Apr  6 06:19:43 ip-172-31-13-3 web[5294]:  File "/var/app/venv/staging-LQM1lest/lib64/python3.14/site-packages/gunicorn/util.py", line 377, in import_app
Apr  6 06:19:43 ip-172-31-13-3 web[5294]:    mod = importlib.import_module(module)
Apr  6 06:19:43 ip-172-31-13-3 web[5294]:  File "/usr/lib64/python3.14/importlib/__init__.py", line 88, in import_module
Apr  6 06:19:43 ip-172-31-13-3 web[5294]:    return _bootstrap._gcd_import(name[level:], package, level)
Apr  6 06:19:43 ip-172-31-13-3 web[5294]:           ~~~~~~~~~~~~~~~~~~~~~~^^^^^^^^^^^^^^^^^^^^^^^^^^^^^^
Apr  6 06:19:43 ip-172-31-13-3 web[5294]:  File "<frozen importlib._bootstrap>", line 1398, in _gcd_import
Apr  6 06:19:43 ip-172-31-13-3 web[5294]:  File "<frozen importlib._bootstrap>", line 1371, in _find_and_load
Apr  6 06:19:43 ip-172-31-13-3 web[5294]:  File "<frozen importlib._bootstrap>", line 1335, in _find_and_load_unlocked
Apr  6 06:19:43 ip-172-31-13-3 web[5294]: ModuleNotFoundError: No module named 'application'
Apr  6 06:19:43 ip-172-31-13-3 web[5294]: No module named 'application'
Apr  6 06:19:43 ip-172-31-13-3 web[5294]: [2026-04-06 06:19:43 +0000] [5294] [INFO] Worker exiting (pid: 5294)
Apr  6 06:19:43 ip-172-31-13-3 web[5290]: [2026-04-06 06:19:43 +0000] [5290] [ERROR] Worker (pid:5294) exited with code 3.
Apr  6 06:19:43 ip-172-31-13-3 web[5290]: [2026-04-06 06:19:43 +0000] [5290] [ERROR] Shutting down: Master
Apr  6 06:19:43 ip-172-31-13-3 web[5290]: [2026-04-06 06:19:43 +0000] [5290] [ERROR] Reason: Worker failed to boot.
Apr  6 06:19:44 ip-172-31-13-3 web[5326]: [2026-04-06 06:19:44 +0000] [5326] [INFO] Starting gunicorn 25.0.3
Apr  6 06:19:44 ip-172-31-13-3 web[5326]: [2026-04-06 06:19:44 +0000] [5326] [INFO] Listening at: http://127.0.0.1:8000 (5326)
Apr  6 06:19:44 ip-172-31-13-3 web[5326]: [2026-04-06 06:19:44 +0000] [5326] [INFO] Using worker: gthread
Apr  6 06:19:44 ip-172-31-13-3 web[5348]: [2026-04-06 06:19:44 +0000] [5348] [INFO] Booting worker with pid: 5348
Apr  6 06:19:44 ip-172-31-13-3 web[5348]: [2026-04-06 06:19:44 +0000] [5348] [ERROR] Exception in worker process
Apr  6 06:19:44 ip-172-31-13-3 web[5348]: Traceback (most recent call last):
Apr  6 06:19:44 ip-172-31-13-3 web[5348]:  File "/var/app/venv/staging-LQM1lest/lib64/python3.14/site-packages/gunicorn/arbiter.py", line 684, in spawn_worker
Apr  6 06:19:44 ip-172-31-13-3 web[5348]:    worker.init_process()
Apr  6 06:19:44 ip-172-31-13-3 web[5348]:    ~~~~~~~~~~~~~~~~~~~^^
Apr  6 06:19:44 ip-172-31-13-3 web[5348]:  File "/var/app/venv/staging-LQM1lest/lib64/python3.14/site-packages/gunicorn/workers/gthread.py", line 196, in init_process
Apr  6 06:19:44 ip-172-31-13-3 web[5348]:    super().init_process()
Apr  6 06:19:44 ip-172-31-13-3 web[5348]:    ~~~~~~~~~~~~~~~~~~~~^^
Apr  6 06:19:44 ip-172-31-13-3 web[5348]:  File "/var/app/venv/staging-LQM1lest/lib64/python3.14/site-packages/gunicorn/workers/base.py", line 136, in init_process
Apr  6 06:19:44 ip-172-31-13-3 web[5348]:    self.load_wsgi()
Apr  6 06:19:44 ip-172-31-13-3 web[5348]:    ~~~~~~~~~~~~~~^^
Apr  6 06:19:44 ip-172-31-13-3 web[5348]:  File "/var/app/venv/staging-LQM1lest/lib64/python3.14/site-packages/gunicorn/workers/base.py", line 148, in load_wsgi
Apr  6 06:19:44 ip-172-31-13-3 web[5348]:    self.wsgi = self.app.wsgi()
Apr  6 06:19:44 ip-172-31-13-3 web[5348]:                ~~~~~~~~~~~~~^^
Apr  6 06:19:44 ip-172-31-13-3 web[5348]:  File "/var/app/venv/staging-LQM1lest/lib64/python3.14/site-packages/gunicorn/app/base.py", line 66, in wsgi
Apr  6 06:19:44 ip-172-31-13-3 web[5348]:    self.callable = self.load()
Apr  6 06:19:44 ip-172-31-13-3 web[5348]:                    ~~~~~~~~~^^
Apr  6 06:19:44 ip-172-31-13-3 web[5348]:  File "/var/app/venv/staging-LQM1lest/lib64/python3.14/site-packages/gunicorn/app/wsgiapp.py", line 57, in load
Apr  6 06:19:44 ip-172-31-13-3 web[5348]:    return self.load_wsgiapp()
Apr  6 06:19:44 ip-172-31-13-3 web[5348]:           ~~~~~~~~~~~~~~~~~^^
Apr  6 06:19:44 ip-172-31-13-3 web[5348]:  File "/var/app/venv/staging-LQM1lest/lib64/python3.14/site-packages/gunicorn/app/wsgiapp.py", line 47, in load_wsgiapp
Apr  6 06:19:44 ip-172-31-13-3 web[5348]:    return util.import_app(self.app_uri)
Apr  6 06:19:44 ip-172-31-13-3 web[5348]:           ~~~~~~~~~~~~~~~^^^^^^^^^^^^^^
Apr  6 06:19:44 ip-172-31-13-3 web[5348]:  File "/var/app/venv/staging-LQM1lest/lib64/python3.14/site-packages/gunicorn/util.py", line 377, in import_app
Apr  6 06:19:44 ip-172-31-13-3 web[5348]:    mod = importlib.import_module(module)
Apr  6 06:19:44 ip-172-31-13-3 web[5348]:  File "/usr/lib64/python3.14/importlib/__init__.py", line 88, in import_module
Apr  6 06:19:44 ip-172-31-13-3 web[5348]:    return _bootstrap._gcd_import(name[level:], package, level)
Apr  6 06:19:44 ip-172-31-13-3 web[5348]:           ~~~~~~~~~~~~~~~~~~~~~~^^^^^^^^^^^^^^^^^^^^^^^^^^^^^^
Apr  6 06:19:44 ip-172-31-13-3 web[5348]:  File "<frozen importlib._bootstrap>", line 1398, in _gcd_import
Apr  6 06:19:44 ip-172-31-13-3 web[5348]:  File "<frozen importlib._bootstrap>", line 1371, in _find_and_load
Apr  6 06:19:44 ip-172-31-13-3 web[5348]:  File "<frozen importlib._bootstrap>", line 1335, in _find_and_load_unlocked
Apr  6 06:19:44 ip-172-31-13-3 web[5348]: ModuleNotFoundError: No module named 'application'
Apr  6 06:19:44 ip-172-31-13-3 web[5348]: No module named 'application'
Apr  6 06:19:44 ip-172-31-13-3 web[5348]: [2026-04-06 06:19:44 +0000] [5348] [INFO] Worker exiting (pid: 5348)
Apr  6 06:19:44 ip-172-31-13-3 web[5326]: [2026-04-06 06:19:44 +0000] [5326] [ERROR] Worker (pid:5348) exited with code 3.
Apr  6 06:19:44 ip-172-31-13-3 web[5326]: [2026-04-06 06:19:44 +0000] [5326] [ERROR] Shutting down: Master
Apr  6 06:19:44 ip-172-31-13-3 web[5326]: [2026-04-06 06:19:44 +0000] [5326] [ERROR] Reason: Worker failed to boot.
Apr  6 06:19:45 ip-172-31-13-3 web[5354]: [2026-04-06 06:19:45 +0000] [5354] [INFO] Starting gunicorn 25.0.3
Apr  6 06:19:45 ip-172-31-13-3 web[5354]: [2026-04-06 06:19:45 +0000] [5354] [INFO] Listening at: http://127.0.0.1:8000 (5354)
Apr  6 06:19:45 ip-172-31-13-3 web[5354]: [2026-04-06 06:19:45 +0000] [5354] [INFO] Using worker: gthread
Apr  6 06:19:45 ip-172-31-13-3 web[5358]: [2026-04-06 06:19:45 +0000] [5358] [INFO] Booting worker with pid: 5358
Apr  6 06:19:45 ip-172-31-13-3 web[5358]: [2026-04-06 06:19:45 +0000] [5358] [ERROR] Exception in worker process
Apr  6 06:19:45 ip-172-31-13-3 web[5358]: Traceback (most recent call last):
Apr  6 06:19:45 ip-172-31-13-3 web[5358]:  File "/var/app/venv/staging-LQM1lest/lib64/python3.14/site-packages/gunicorn/arbiter.py", line 684, in spawn_worker
Apr  6 06:19:45 ip-172-31-13-3 web[5358]:    worker.init_process()
Apr  6 06:19:45 ip-172-31-13-3 web[5358]:    ~~~~~~~~~~~~~~~~~~~^^
Apr  6 06:19:45 ip-172-31-13-3 web[5358]:  File "/var/app/venv/staging-LQM1lest/lib64/python3.14/site-packages/gunicorn/workers/gthread.py", line 196, in init_process
Apr  6 06:19:45 ip-172-31-13-3 web[5358]:    super().init_process()
Apr  6 06:19:45 ip-172-31-13-3 web[5358]:    ~~~~~~~~~~~~~~~~~~~~^^
Apr  6 06:19:45 ip-172-31-13-3 web[5358]:  File "/var/app/venv/staging-LQM1lest/lib64/python3.14/site-packages/gunicorn/workers/base.py", line 136, in init_process
Apr  6 06:19:45 ip-172-31-13-3 web[5358]:    self.load_wsgi()
Apr  6 06:19:45 ip-172-31-13-3 web[5358]:    ~~~~~~~~~~~~~~^^
Apr  6 06:19:45 ip-172-31-13-3 web[5358]:  File "/var/app/venv/staging-LQM1lest/lib64/python3.14/site-packages/gunicorn/workers/base.py", line 148, in load_wsgi
Apr  6 06:19:45 ip-172-31-13-3 web[5358]:    self.wsgi = self.app.wsgi()
Apr  6 06:19:45 ip-172-31-13-3 web[5358]:                ~~~~~~~~~~~~~^^
Apr  6 06:19:45 ip-172-31-13-3 web[5358]:  File "/var/app/venv/staging-LQM1lest/lib64/python3.14/site-packages/gunicorn/app/base.py", line 66, in wsgi
Apr  6 06:19:45 ip-172-31-13-3 web[5358]:    self.callable = self.load()
Apr  6 06:19:45 ip-172-31-13-3 web[5358]:                    ~~~~~~~~~^^
Apr  6 06:19:45 ip-172-31-13-3 web[5358]:  File "/var/app/venv/staging-LQM1lest/lib64/python3.14/site-packages/gunicorn/app/wsgiapp.py", line 57, in load
Apr  6 06:19:45 ip-172-31-13-3 web[5358]:    return self.load_wsgiapp()
Apr  6 06:19:45 ip-172-31-13-3 web[5358]:           ~~~~~~~~~~~~~~~~~^^
Apr  6 06:19:45 ip-172-31-13-3 web[5358]:  File "/var/app/venv/staging-LQM1lest/lib64/python3.14/site-packages/gunicorn/app/wsgiapp.py", line 47, in load_wsgiapp
Apr  6 06:19:45 ip-172-31-13-3 web[5358]:    return util.import_app(self.app_uri)
Apr  6 06:19:45 ip-172-31-13-3 web[5358]:           ~~~~~~~~~~~~~~~^^^^^^^^^^^^^^
Apr  6 06:19:45 ip-172-31-13-3 web[5358]:  File "/var/app/venv/staging-LQM1lest/lib64/python3.14/site-packages/gunicorn/util.py", line 377, in import_app
Apr  6 06:19:45 ip-172-31-13-3 web[5358]:    mod = importlib.import_module(module)
Apr  6 06:19:45 ip-172-31-13-3 web[5358]:  File "/usr/lib64/python3.14/importlib/__init__.py", line 88, in import_module
Apr  6 06:19:45 ip-172-31-13-3 web[5358]:    return _bootstrap._gcd_import(name[level:], package, level)
Apr  6 06:19:45 ip-172-31-13-3 web[5358]:           ~~~~~~~~~~~~~~~~~~~~~~^^^^^^^^^^^^^^^^^^^^^^^^^^^^^^
Apr  6 06:19:45 ip-172-31-13-3 web[5358]:  File "<frozen importlib._bootstrap>", line 1398, in _gcd_import
Apr  6 06:19:45 ip-172-31-13-3 web[5358]:  File "<frozen importlib._bootstrap>", line 1371, in _find_and_load
Apr  6 06:19:45 ip-172-31-13-3 web[5358]:  File "<frozen importlib._bootstrap>", line 1335, in _find_and_load_unlocked
Apr  6 06:19:45 ip-172-31-13-3 web[5358]: ModuleNotFoundError: No module named 'application'
Apr  6 06:19:45 ip-172-31-13-3 web[5358]: No module named 'application'
Apr  6 06:19:45 ip-172-31-13-3 web[5358]: [2026-04-06 06:19:45 +0000] [5358] [INFO] Worker exiting (pid: 5358)
Apr  6 06:19:45 ip-172-31-13-3 web[5354]: [2026-04-06 06:19:45 +0000] [5354] [ERROR] Worker (pid:5358) exited with code 3.
Apr  6 06:19:45 ip-172-31-13-3 web[5354]: [2026-04-06 06:19:45 +0000] [5354] [ERROR] Shutting down: Master
Apr  6 06:19:45 ip-172-31-13-3 web[5354]: [2026-04-06 06:19:45 +0000] [5354] [ERROR] Reason: Worker failed to boot.
Apr  6 06:19:45 ip-172-31-13-3 web[5360]: [2026-04-06 06:19:45 +0000] [5360] [INFO] Starting gunicorn 25.0.3
Apr  6 06:19:45 ip-172-31-13-3 web[5360]: [2026-04-06 06:19:45 +0000] [5360] [INFO] Listening at: http://127.0.0.1:8000 (5360)
Apr  6 06:19:45 ip-172-31-13-3 web[5360]: [2026-04-06 06:19:45 +0000] [5360] [INFO] Using worker: gthread
Apr  6 06:19:45 ip-172-31-13-3 web[5364]: [2026-04-06 06:19:45 +0000] [5364] [INFO] Booting worker with pid: 5364
Apr  6 06:19:45 ip-172-31-13-3 web[5364]: [2026-04-06 06:19:45 +0000] [5364] [ERROR] Exception in worker process
Apr  6 06:19:45 ip-172-31-13-3 web[5364]: Traceback (most recent call last):
Apr  6 06:19:45 ip-172-31-13-3 web[5364]:  File "/var/app/venv/staging-LQM1lest/lib64/python3.14/site-packages/gunicorn/arbiter.py", line 684, in spawn_worker
Apr  6 06:19:45 ip-172-31-13-3 web[5364]:    worker.init_process()
Apr  6 06:19:45 ip-172-31-13-3 web[5364]:    ~~~~~~~~~~~~~~~~~~~^^
Apr  6 06:19:45 ip-172-31-13-3 web[5364]:  File "/var/app/venv/staging-LQM1lest/lib64/python3.14/site-packages/gunicorn/workers/gthread.py", line 196, in init_process
Apr  6 06:19:45 ip-172-31-13-3 web[5364]:    super().init_process()
Apr  6 06:19:45 ip-172-31-13-3 web[5364]:    ~~~~~~~~~~~~~~~~~~~~^^
Apr  6 06:19:45 ip-172-31-13-3 web[5364]:  File "/var/app/venv/staging-LQM1lest/lib64/python3.14/site-packages/gunicorn/workers/base.py", line 136, in init_process
Apr  6 06:19:45 ip-172-31-13-3 web[5364]:    self.load_wsgi()
Apr  6 06:19:45 ip-172-31-13-3 web[5364]:    ~~~~~~~~~~~~~~^^
Apr  6 06:19:45 ip-172-31-13-3 web[5364]:  File "/var/app/venv/staging-LQM1lest/lib64/python3.14/site-packages/gunicorn/workers/base.py", line 148, in load_wsgi
Apr  6 06:19:45 ip-172-31-13-3 web[5364]:    self.wsgi = self.app.wsgi()
Apr  6 06:19:45 ip-172-31-13-3 web[5364]:                ~~~~~~~~~~~~~^^
Apr  6 06:19:45 ip-172-31-13-3 web[5364]:  File "/var/app/venv/staging-LQM1lest/lib64/python3.14/site-packages/gunicorn/app/base.py", line 66, in wsgi
Apr  6 06:19:45 ip-172-31-13-3 web[5364]:    self.callable = self.load()
Apr  6 06:19:45 ip-172-31-13-3 web[5364]:                    ~~~~~~~~~^^
Apr  6 06:19:45 ip-172-31-13-3 web[5364]:  File "/var/app/venv/staging-LQM1lest/lib64/python3.14/site-packages/gunicorn/app/wsgiapp.py", line 57, in load
Apr  6 06:19:45 ip-172-31-13-3 web[5364]:    return self.load_wsgiapp()
Apr  6 06:19:45 ip-172-31-13-3 web[5364]:           ~~~~~~~~~~~~~~~~~^^
Apr  6 06:19:45 ip-172-31-13-3 web[5364]:  File "/var/app/venv/staging-LQM1lest/lib64/python3.14/site-packages/gunicorn/app/wsgiapp.py", line 47, in load_wsgiapp
Apr  6 06:19:45 ip-172-31-13-3 web[5364]:    return util.import_app(self.app_uri)
Apr  6 06:19:45 ip-172-31-13-3 web[5364]:           ~~~~~~~~~~~~~~~^^^^^^^^^^^^^^
Apr  6 06:19:45 ip-172-31-13-3 web[5364]:  File "/var/app/venv/staging-LQM1lest/lib64/python3.14/site-packages/gunicorn/util.py", line 377, in import_app
Apr  6 06:19:45 ip-172-31-13-3 web[5364]:    mod = importlib.import_module(module)
Apr  6 06:19:45 ip-172-31-13-3 web[5364]:  File "/usr/lib64/python3.14/importlib/__init__.py", line 88, in import_module
Apr  6 06:19:45 ip-172-31-13-3 web[5364]:    return _bootstrap._gcd_import(name[level:], package, level)
Apr  6 06:19:45 ip-172-31-13-3 web[5364]:           ~~~~~~~~~~~~~~~~~~~~~~^^^^^^^^^^^^^^^^^^^^^^^^^^^^^^
Apr  6 06:19:45 ip-172-31-13-3 web[5364]:  File "<frozen importlib._bootstrap>", line 1398, in _gcd_import
Apr  6 06:19:45 ip-172-31-13-3 web[5364]:  File "<frozen importlib._bootstrap>", line 1371, in _find_and_load
Apr  6 06:19:45 ip-172-31-13-3 web[5364]:  File "<frozen importlib._bootstrap>", line 1335, in _find_and_load_unlocked
Apr  6 06:19:45 ip-172-31-13-3 web[5364]: ModuleNotFoundError: No module named 'application'
Apr  6 06:19:45 ip-172-31-13-3 web[5364]: No module named 'application'
Apr  6 06:19:45 ip-172-31-13-3 web[5364]: [2026-04-06 06:19:45 +0000] [5364] [INFO] Worker exiting (pid: 5364)
Apr  6 06:19:45 ip-172-31-13-3 web[5360]: [2026-04-06 06:19:45 +0000] [5360] [ERROR] Worker (pid:5364) exited with code 3.
Apr  6 06:19:45 ip-172-31-13-3 web[5360]: [2026-04-06 06:19:45 +0000] [5360] [ERROR] Shutting down: Master
Apr  6 06:19:45 ip-172-31-13-3 web[5360]: [2026-04-06 06:19:45 +0000] [5360] [ERROR] Reason: Worker failed to boot.
Apr  6 06:19:46 ip-172-31-13-3 web[5366]: [2026-04-06 06:19:46 +0000] [5366] [INFO] Starting gunicorn 25.0.3
Apr  6 06:19:46 ip-172-31-13-3 web[5366]: [2026-04-06 06:19:46 +0000] [5366] [INFO] Listening at: http://127.0.0.1:8000 (5366)
Apr  6 06:19:46 ip-172-31-13-3 web[5366]: [2026-04-06 06:19:46 +0000] [5366] [INFO] Using worker: gthread
Apr  6 06:19:46 ip-172-31-13-3 web[5370]: [2026-04-06 06:19:46 +0000] [5370] [INFO] Booting worker with pid: 5370
Apr  6 06:19:46 ip-172-31-13-3 web[5370]: [2026-04-06 06:19:46 +0000] [5370] [ERROR] Exception in worker process
Apr  6 06:19:46 ip-172-31-13-3 web[5370]: Traceback (most recent call last):
Apr  6 06:19:46 ip-172-31-13-3 web[5370]:  File "/var/app/venv/staging-LQM1lest/lib64/python3.14/site-packages/gunicorn/arbiter.py", line 684, in spawn_worker
Apr  6 06:19:46 ip-172-31-13-3 web[5370]:    worker.init_process()
Apr  6 06:19:46 ip-172-31-13-3 web[5370]:    ~~~~~~~~~~~~~~~~~~~^^
Apr  6 06:19:46 ip-172-31-13-3 web[5370]:  File "/var/app/venv/staging-LQM1lest/lib64/python3.14/site-packages/gunicorn/workers/gthread.py", line 196, in init_process
Apr  6 06:19:46 ip-172-31-13-3 web[5370]:    super().init_process()
Apr  6 06:19:46 ip-172-31-13-3 web[5370]:    ~~~~~~~~~~~~~~~~~~~~^^
Apr  6 06:19:46 ip-172-31-13-3 web[5370]:  File "/var/app/venv/staging-LQM1lest/lib64/python3.14/site-packages/gunicorn/workers/base.py", line 136, in init_process
Apr  6 06:19:46 ip-172-31-13-3 web[5370]:    self.load_wsgi()
Apr  6 06:19:46 ip-172-31-13-3 web[5370]:    ~~~~~~~~~~~~~~^^
Apr  6 06:19:46 ip-172-31-13-3 web[5370]:  File "/var/app/venv/staging-LQM1lest/lib64/python3.14/site-packages/gunicorn/workers/base.py", line 148, in load_wsgi
Apr  6 06:19:46 ip-172-31-13-3 web[5370]:    self.wsgi = self.app.wsgi()
Apr  6 06:19:46 ip-172-31-13-3 web[5370]:                ~~~~~~~~~~~~~^^
Apr  6 06:19:46 ip-172-31-13-3 web[5370]:  File "/var/app/venv/staging-LQM1lest/lib64/python3.14/site-packages/gunicorn/app/base.py", line 66, in wsgi
Apr  6 06:19:46 ip-172-31-13-3 web[5370]:    self.callable = self.load()
Apr  6 06:19:46 ip-172-31-13-3 web[5370]:                    ~~~~~~~~~^^
Apr  6 06:19:46 ip-172-31-13-3 web[5370]:  File "/var/app/venv/staging-LQM1lest/lib64/python3.14/site-packages/gunicorn/app/wsgiapp.py", line 57, in load
Apr  6 06:19:46 ip-172-31-13-3 web[5370]:    return self.load_wsgiapp()
Apr  6 06:19:46 ip-172-31-13-3 web[5370]:           ~~~~~~~~~~~~~~~~~^^
Apr  6 06:19:46 ip-172-31-13-3 web[5370]:  File "/var/app/venv/staging-LQM1lest/lib64/python3.14/site-packages/gunicorn/app/wsgiapp.py", line 47, in load_wsgiapp
Apr  6 06:19:46 ip-172-31-13-3 web[5370]:    return util.import_app(self.app_uri)
Apr  6 06:19:46 ip-172-31-13-3 web[5370]:           ~~~~~~~~~~~~~~~^^^^^^^^^^^^^^
Apr  6 06:19:46 ip-172-31-13-3 web[5370]:  File "/var/app/venv/staging-LQM1lest/lib64/python3.14/site-packages/gunicorn/util.py", line 377, in import_app
Apr  6 06:19:46 ip-172-31-13-3 web[5370]:    mod = importlib.import_module(module)
Apr  6 06:19:46 ip-172-31-13-3 web[5370]:  File "/usr/lib64/python3.14/importlib/__init__.py", line 88, in import_module
Apr  6 06:19:46 ip-172-31-13-3 web[5370]:    return _bootstrap._gcd_import(name[level:], package, level)
Apr  6 06:19:46 ip-172-31-13-3 web[5370]:           ~~~~~~~~~~~~~~~~~~~~~~^^^^^^^^^^^^^^^^^^^^^^^^^^^^^^
Apr  6 06:19:46 ip-172-31-13-3 web[5370]:  File "<frozen importlib._bootstrap>", line 1398, in _gcd_import
Apr  6 06:19:46 ip-172-31-13-3 web[5370]:  File "<frozen importlib._bootstrap>", line 1371, in _find_and_load
Apr  6 06:19:46 ip-172-31-13-3 web[5370]:  File "<frozen importlib._bootstrap>", line 1335, in _find_and_load_unlocked
Apr  6 06:19:46 ip-172-31-13-3 web[5370]: ModuleNotFoundError: No module named 'application'
Apr  6 06:19:46 ip-172-31-13-3 web[5370]: No module named 'application'
Apr  6 06:19:46 ip-172-31-13-3 web[5370]: [2026-04-06 06:19:46 +0000] [5370] [INFO] Worker exiting (pid: 5370)
Apr  6 06:19:46 ip-172-31-13-3 web[5366]: [2026-04-06 06:19:46 +0000] [5366] [ERROR] Worker (pid:5370) exited with code 3.
Apr  6 06:19:46 ip-172-31-13-3 web[5366]: [2026-04-06 06:19:46 +0000] [5366] [ERROR] Shutting down: Master
Apr  6 06:19:46 ip-172-31-13-3 web[5366]: [2026-04-06 06:19:46 +0000] [5366] [ERROR] Reason: Worker failed to boot.
Apr  6 06:19:46 ip-172-31-13-3 web[5372]: [2026-04-06 06:19:46 +0000] [5372] [INFO] Starting gunicorn 25.0.3
Apr  6 06:19:46 ip-172-31-13-3 web[5372]: [2026-04-06 06:19:46 +0000] [5372] [INFO] Listening at: http://127.0.0.1:8000 (5372)
Apr  6 06:19:46 ip-172-31-13-3 web[5372]: [2026-04-06 06:19:46 +0000] [5372] [INFO] Using worker: gthread
Apr  6 06:19:46 ip-172-31-13-3 web[5376]: [2026-04-06 06:19:46 +0000] [5376] [INFO] Booting worker with pid: 5376
Apr  6 06:19:46 ip-172-31-13-3 web[5376]: [2026-04-06 06:19:46 +0000] [5376] [ERROR] Exception in worker process
Apr  6 06:19:46 ip-172-31-13-3 web[5376]: Traceback (most recent call last):
Apr  6 06:19:46 ip-172-31-13-3 web[5376]:  File "/var/app/venv/staging-LQM1lest/lib64/python3.14/site-packages/gunicorn/arbiter.py", line 684, in spawn_worker
Apr  6 06:19:46 ip-172-31-13-3 web[5376]:    worker.init_process()
Apr  6 06:19:46 ip-172-31-13-3 web[5376]:    ~~~~~~~~~~~~~~~~~~~^^
Apr  6 06:19:46 ip-172-31-13-3 web[5376]:  File "/var/app/venv/staging-LQM1lest/lib64/python3.14/site-packages/gunicorn/workers/gthread.py", line 196, in init_process
Apr  6 06:19:46 ip-172-31-13-3 web[5376]:    super().init_process()
Apr  6 06:19:46 ip-172-31-13-3 web[5376]:    ~~~~~~~~~~~~~~~~~~~~^^
Apr  6 06:19:46 ip-172-31-13-3 web[5376]:  File "/var/app/venv/staging-LQM1lest/lib64/python3.14/site-packages/gunicorn/workers/base.py", line 136, in init_process
Apr  6 06:19:46 ip-172-31-13-3 web[5376]:    self.load_wsgi()
Apr  6 06:19:46 ip-172-31-13-3 web[5376]:    ~~~~~~~~~~~~~~^^
Apr  6 06:19:46 ip-172-31-13-3 web[5376]:  File "/var/app/venv/staging-LQM1lest/lib64/python3.14/site-packages/gunicorn/workers/base.py", line 148, in load_wsgi
Apr  6 06:19:46 ip-172-31-13-3 web[5376]:    self.wsgi = self.app.wsgi()
Apr  6 06:19:46 ip-172-31-13-3 web[5376]:                ~~~~~~~~~~~~~^^
Apr  6 06:19:46 ip-172-31-13-3 web[5376]:  File "/var/app/venv/staging-LQM1lest/lib64/python3.14/site-packages/gunicorn/app/base.py", line 66, in wsgi
Apr  6 06:19:46 ip-172-31-13-3 web[5376]:    self.callable = self.load()
Apr  6 06:19:46 ip-172-31-13-3 web[5376]:                    ~~~~~~~~~^^
Apr  6 06:19:46 ip-172-31-13-3 web[5376]:  File "/var/app/venv/staging-LQM1lest/lib64/python3.14/site-packages/gunicorn/app/wsgiapp.py", line 57, in load
Apr  6 06:19:46 ip-172-31-13-3 web[5376]:    return self.load_wsgiapp()
Apr  6 06:19:46 ip-172-31-13-3 web[5376]:           ~~~~~~~~~~~~~~~~~^^
Apr  6 06:19:46 ip-172-31-13-3 web[5376]:  File "/var/app/venv/staging-LQM1lest/lib64/python3.14/site-packages/gunicorn/app/wsgiapp.py", line 47, in load_wsgiapp
Apr  6 06:19:46 ip-172-31-13-3 web[5376]:    return util.import_app(self.app_uri)
Apr  6 06:19:46 ip-172-31-13-3 web[5376]:           ~~~~~~~~~~~~~~~^^^^^^^^^^^^^^
Apr  6 06:19:46 ip-172-31-13-3 web[5376]:  File "/var/app/venv/staging-LQM1lest/lib64/python3.14/site-packages/gunicorn/util.py", line 377, in import_app
Apr  6 06:19:46 ip-172-31-13-3 web[5376]:    mod = importlib.import_module(module)
Apr  6 06:19:46 ip-172-31-13-3 web[5376]:  File "/usr/lib64/python3.14/importlib/__init__.py", line 88, in import_module
Apr  6 06:19:46 ip-172-31-13-3 web[5376]:    return _bootstrap._gcd_import(name[level:], package, level)
Apr  6 06:19:46 ip-172-31-13-3 web[5376]:           ~~~~~~~~~~~~~~~~~~~~~~^^^^^^^^^^^^^^^^^^^^^^^^^^^^^^
Apr  6 06:19:46 ip-172-31-13-3 web[5376]:  File "<frozen importlib._bootstrap>", line 1398, in _gcd_import
Apr  6 06:19:46 ip-172-31-13-3 web[5376]:  File "<frozen importlib._bootstrap>", line 1371, in _find_and_load
Apr  6 06:19:46 ip-172-31-13-3 web[5376]:  File "<frozen importlib._bootstrap>", line 1335, in _find_and_load_unlocked
Apr  6 06:19:46 ip-172-31-13-3 web[5376]: ModuleNotFoundError: No module named 'application'
Apr  6 06:19:46 ip-172-31-13-3 web[5376]: No module named 'application'
Apr  6 06:19:46 ip-172-31-13-3 web[5376]: [2026-04-06 06:19:46 +0000] [5376] [INFO] Worker exiting (pid: 5376)
Apr  6 06:19:46 ip-172-31-13-3 web[5372]: [2026-04-06 06:19:46 +0000] [5372] [ERROR] Worker (pid:5376) exited with code 3.
Apr  6 06:19:46 ip-172-31-13-3 web[5372]: [2026-04-06 06:19:46 +0000] [5372] [ERROR] Shutting down: Master
Apr  6 06:19:46 ip-172-31-13-3 web[5372]: [2026-04-06 06:19:46 +0000] [5372] [ERROR] Reason: Worker failed to boot.
Apr  6 06:19:47 ip-172-31-13-3 web[5378]: [2026-04-06 06:19:47 +0000] [5378] [INFO] Starting gunicorn 25.0.3
Apr  6 06:19:47 ip-172-31-13-3 web[5378]: [2026-04-06 06:19:47 +0000] [5378] [INFO] Listening at: http://127.0.0.1:8000 (5378)
Apr  6 06:19:47 ip-172-31-13-3 web[5378]: [2026-04-06 06:19:47 +0000] [5378] [INFO] Using worker: gthread
Apr  6 06:19:47 ip-172-31-13-3 web[5382]: [2026-04-06 06:19:47 +0000] [5382] [INFO] Booting worker with pid: 5382
Apr  6 06:19:47 ip-172-31-13-3 web[5382]: [2026-04-06 06:19:47 +0000] [5382] [ERROR] Exception in worker process
Apr  6 06:19:47 ip-172-31-13-3 web[5382]: Traceback (most recent call last):
Apr  6 06:19:47 ip-172-31-13-3 web[5382]:  File "/var/app/venv/staging-LQM1lest/lib64/python3.14/site-packages/gunicorn/arbiter.py", line 684, in spawn_worker
Apr  6 06:19:47 ip-172-31-13-3 web[5382]:    worker.init_process()
Apr  6 06:19:47 ip-172-31-13-3 web[5382]:    ~~~~~~~~~~~~~~~~~~~^^
Apr  6 06:19:47 ip-172-31-13-3 web[5382]:  File "/var/app/venv/staging-LQM1lest/lib64/python3.14/site-packages/gunicorn/workers/gthread.py", line 196, in init_process
Apr  6 06:19:47 ip-172-31-13-3 web[5382]:    super().init_process()
Apr  6 06:19:47 ip-172-31-13-3 web[5382]:    ~~~~~~~~~~~~~~~~~~~~^^
Apr  6 06:19:47 ip-172-31-13-3 web[5382]:  File "/var/app/venv/staging-LQM1lest/lib64/python3.14/site-packages/gunicorn/workers/base.py", line 136, in init_process
Apr  6 06:19:47 ip-172-31-13-3 web[5382]:    self.load_wsgi()
Apr  6 06:19:47 ip-172-31-13-3 web[5382]:    ~~~~~~~~~~~~~~^^
Apr  6 06:19:47 ip-172-31-13-3 web[5382]:  File "/var/app/venv/staging-LQM1lest/lib64/python3.14/site-packages/gunicorn/workers/base.py", line 148, in load_wsgi
Apr  6 06:19:47 ip-172-31-13-3 web[5382]:    self.wsgi = self.app.wsgi()
Apr  6 06:19:47 ip-172-31-13-3 web[5382]:                ~~~~~~~~~~~~~^^
Apr  6 06:19:47 ip-172-31-13-3 web[5382]:  File "/var/app/venv/staging-LQM1lest/lib64/python3.14/site-packages/gunicorn/app/base.py", line 66, in wsgi
Apr  6 06:19:47 ip-172-31-13-3 web[5382]:    self.callable = self.load()
Apr  6 06:19:47 ip-172-31-13-3 web[5382]:                    ~~~~~~~~~^^
Apr  6 06:19:47 ip-172-31-13-3 web[5382]:  File "/var/app/venv/staging-LQM1lest/lib64/python3.14/site-packages/gunicorn/app/wsgiapp.py", line 57, in load
Apr  6 06:19:47 ip-172-31-13-3 web[5382]:    return self.load_wsgiapp()
Apr  6 06:19:47 ip-172-31-13-3 web[5382]:           ~~~~~~~~~~~~~~~~~^^
Apr  6 06:19:47 ip-172-31-13-3 web[5382]:  File "/var/app/venv/staging-LQM1lest/lib64/python3.14/site-packages/gunicorn/app/wsgiapp.py", line 47, in load_wsgiapp
Apr  6 06:19:47 ip-172-31-13-3 web[5382]:    return util.import_app(self.app_uri)
Apr  6 06:19:47 ip-172-31-13-3 web[5382]:           ~~~~~~~~~~~~~~~^^^^^^^^^^^^^^
Apr  6 06:19:47 ip-172-31-13-3 web[5382]:  File "/var/app/venv/staging-LQM1lest/lib64/python3.14/site-packages/gunicorn/util.py", line 377, in import_app
Apr  6 06:19:47 ip-172-31-13-3 web[5382]:    mod = importlib.import_module(module)
Apr  6 06:19:47 ip-172-31-13-3 web[5382]:  File "/usr/lib64/python3.14/importlib/__init__.py", line 88, in import_module
Apr  6 06:19:47 ip-172-31-13-3 web[5382]:    return _bootstrap._gcd_import(name[level:], package, level)
Apr  6 06:19:47 ip-172-31-13-3 web[5382]:           ~~~~~~~~~~~~~~~~~~~~~~^^^^^^^^^^^^^^^^^^^^^^^^^^^^^^
Apr  6 06:19:47 ip-172-31-13-3 web[5382]:  File "<frozen importlib._bootstrap>", line 1398, in _gcd_import
Apr  6 06:19:47 ip-172-31-13-3 web[5382]:  File "<frozen importlib._bootstrap>", line 1371, in _find_and_load
Apr  6 06:19:47 ip-172-31-13-3 web[5382]:  File "<frozen importlib._bootstrap>", line 1335, in _find_and_load_unlocked
Apr  6 06:19:47 ip-172-31-13-3 web[5382]: ModuleNotFoundError: No module named 'application'
Apr  6 06:19:47 ip-172-31-13-3 web[5382]: No module named 'application'
Apr  6 06:19:47 ip-172-31-13-3 web[5382]: [2026-04-06 06:19:47 +0000] [5382] [INFO] Worker exiting (pid: 5382)
Apr  6 06:19:47 ip-172-31-13-3 web[5378]: [2026-04-06 06:19:47 +0000] [5378] [ERROR] Worker (pid:5382) exited with code 3.
Apr  6 06:19:47 ip-172-31-13-3 web[5378]: [2026-04-06 06:19:47 +0000] [5378] [ERROR] Shutting down: Master
Apr  6 06:19:47 ip-172-31-13-3 web[5378]: [2026-04-06 06:19:47 +0000] [5378] [ERROR] Reason: Worker failed to boot.
